<?xml version="1.0" encoding="UTF-8"?>
<!-- Generated by org.testng.reporters.JUnitXMLReporter -->
<testsuite hostname="ukhatsko2097nt" ignored="3" name="Test" tests="22" failures="18" timestamp="31 Jan 2019 11:46:26 GMT" time="313.182" errors="0">
  <testcase name="testComparePreviewAndOpenedAnnouncementData" time="27.593" classname="com.onlinerautomation.test.CarAnnouncementTest"/>
  <testcase name="testVerifyPageElements" time="7.132" classname="com.onlinerautomation.test.CarAnnouncementTest"/>
  <testcase name="testFilterByCarBodyTypes" time="1.478" classname="com.onlinerautomation.test.CarMarketTest">
    <failure type="java.lang.ArrayIndexOutOfBoundsException" message="-1">
      <![CDATA[java.lang.ArrayIndexOutOfBoundsException: -1
at java.util.ArrayList.elementData(ArrayList.java:422)
at java.util.ArrayList.get(ArrayList.java:435)
at org.openqa.selenium.support.pagefactory.internal.LocatingElementListHandler.invoke(LocatingElementListHandler.java:39)
at com.sun.proxy.$Proxy16.get(Unknown Source)
at com.onlinerautomation.page.LeftMenu.getCarType(LeftMenu.java:61)
at com.onlinerautomation.page.AutoMarketPage.setCarFilteryType_aroundBody2(AutoMarketPage.java:72)
at com.onlinerautomation.page.AutoMarketPage$AjcClosure3.run(AutoMarketPage.java:1)
at io.qameta.allure.aspects.StepsAspects.step(StepsAspects.java:50)
at com.onlinerautomation.page.AutoMarketPage.setCarFilteryType(AutoMarketPage.java:71)
at com.onlinerautomation.test.CarMarketTest.testFilterByCarBodyTypes(CarMarketTest.java:27)
... Removed 34 stack frames]]>
    </failure>
  </testcase> <!-- testFilterByCarBodyTypes -->
  <testcase name="testFilterByCarBodyTypes" time="1.443" classname="com.onlinerautomation.test.CarMarketTest">
    <failure type="java.lang.ArrayIndexOutOfBoundsException">
      <![CDATA[java.lang.ArrayIndexOutOfBoundsException
]]>
    </failure>
  </testcase> <!-- testFilterByCarBodyTypes -->
  <testcase name="testFilterByCarBodyTypes" time="1.581" classname="com.onlinerautomation.test.CarMarketTest">
    <failure type="java.lang.ArrayIndexOutOfBoundsException">
      <![CDATA[java.lang.ArrayIndexOutOfBoundsException
]]>
    </failure>
  </testcase> <!-- testFilterByCarBodyTypes -->
  <testcase name="testFilterByCarBodyTypes" time="1.479" classname="com.onlinerautomation.test.CarMarketTest">
    <failure type="java.lang.ArrayIndexOutOfBoundsException">
      <![CDATA[java.lang.ArrayIndexOutOfBoundsException
]]>
    </failure>
  </testcase> <!-- testFilterByCarBodyTypes -->
  <testcase name="testFilterByCarBodyTypes" time="1.598" classname="com.onlinerautomation.test.CarMarketTest">
    <failure type="java.lang.ArrayIndexOutOfBoundsException">
      <![CDATA[java.lang.ArrayIndexOutOfBoundsException
]]>
    </failure>
  </testcase> <!-- testFilterByCarBodyTypes -->
  <testcase name="testFilterByCarBodyTypes" time="1.488" classname="com.onlinerautomation.test.CarMarketTest">
    <failure type="java.lang.ArrayIndexOutOfBoundsException">
      <![CDATA[java.lang.ArrayIndexOutOfBoundsException
]]>
    </failure>
  </testcase> <!-- testFilterByCarBodyTypes -->
  <testcase name="testFilterByCarBodyTypes" time="1.869" classname="com.onlinerautomation.test.CarMarketTest">
    <failure type="java.lang.ArrayIndexOutOfBoundsException">
      <![CDATA[java.lang.ArrayIndexOutOfBoundsException
]]>
    </failure>
  </testcase> <!-- testFilterByCarBodyTypes -->
  <testcase name="testFilterByCarBodyTypes" time="1.678" classname="com.onlinerautomation.test.CarMarketTest">
    <failure type="java.lang.ArrayIndexOutOfBoundsException">
      <![CDATA[java.lang.ArrayIndexOutOfBoundsException
]]>
    </failure>
  </testcase> <!-- testFilterByCarBodyTypes -->
  <testcase name="testFilterByCarBodyTypes" time="2.161" classname="com.onlinerautomation.test.CarMarketTest">
    <failure type="java.lang.ArrayIndexOutOfBoundsException">
      <![CDATA[java.lang.ArrayIndexOutOfBoundsException
]]>
    </failure>
  </testcase> <!-- testFilterByCarBodyTypes -->
  <testcase name="testFilterByCarBodyTypes" time="1.916" classname="com.onlinerautomation.test.CarMarketTest">
    <failure type="java.lang.ArrayIndexOutOfBoundsException">
      <![CDATA[java.lang.ArrayIndexOutOfBoundsException
]]>
    </failure>
  </testcase> <!-- testFilterByCarBodyTypes -->
  <testcase name="testFilterByCarEngineType" time="1.442" classname="com.onlinerautomation.test.CarMarketTest">
    <failure type="java.lang.ArrayIndexOutOfBoundsException">
      <![CDATA[java.lang.ArrayIndexOutOfBoundsException
]]>
    </failure>
  </testcase> <!-- testFilterByCarEngineType -->
  <testcase name="testFilterByCarEngineType" time="2.006" classname="com.onlinerautomation.test.CarMarketTest">
    <failure type="java.lang.ArrayIndexOutOfBoundsException">
      <![CDATA[java.lang.ArrayIndexOutOfBoundsException
]]>
    </failure>
  </testcase> <!-- testFilterByCarEngineType -->
  <testcase name="testFilterByCarEngineType" time="1.926" classname="com.onlinerautomation.test.CarMarketTest">
    <failure type="java.lang.ArrayIndexOutOfBoundsException">
      <![CDATA[java.lang.ArrayIndexOutOfBoundsException
]]>
    </failure>
  </testcase> <!-- testFilterByCarEngineType -->
  <testcase name="testFilterByCarEngineType" time="1.381" classname="com.onlinerautomation.test.CarMarketTest">
    <failure type="java.lang.ArrayIndexOutOfBoundsException">
      <![CDATA[java.lang.ArrayIndexOutOfBoundsException
]]>
    </failure>
  </testcase> <!-- testFilterByCarEngineType -->
  <testcase name="testFilterByCarEngineType" time="1.587" classname="com.onlinerautomation.test.CarMarketTest">
    <failure type="java.lang.ArrayIndexOutOfBoundsException">
      <![CDATA[java.lang.ArrayIndexOutOfBoundsException
]]>
    </failure>
  </testcase> <!-- testFilterByCarEngineType -->
  <testcase name="testFilterByCarTransmissionType" time="1.421" classname="com.onlinerautomation.test.CarMarketTest">
    <failure type="java.lang.ArrayIndexOutOfBoundsException">
      <![CDATA[java.lang.ArrayIndexOutOfBoundsException
]]>
    </failure>
  </testcase> <!-- testFilterByCarTransmissionType -->
  <testcase name="testFilterByCarTransmissionType" time="1.983" classname="com.onlinerautomation.test.CarMarketTest">
    <failure type="java.lang.ArrayIndexOutOfBoundsException">
      <![CDATA[java.lang.ArrayIndexOutOfBoundsException
]]>
    </failure>
  </testcase> <!-- testFilterByCarTransmissionType -->
  <testcase name="testOnlinerHomePage" time="1.166" classname="com.onlinerautomation.test.OnlinerHomePageTest"/>
  <testcase name="testOnlinerPositiveSearch" time="7.149" classname="com.onlinerautomation.test.SearchTest">
    <failure type="java.lang.AssertionError" message="Product information is not correct: Lists differ at element [0]: Apple iPhone 7 32GB Black != Смартфон Apple iPhone 7 32GB Black expected [Apple iPhone 7 32GB Black] but found [Смартфон Apple iPhone 7 32GB Black]">
      <![CDATA[java.lang.AssertionError: Product information is not correct: Lists differ at element [0]: Apple iPhone 7 32GB Black != Смартфон Apple iPhone 7 32GB Black expected [Apple iPhone 7 32GB Black] but found [Смартфон Apple iPhone 7 32GB Black]
at com.onlinerautomation.page.ProductPage.verifyProductInfo_aroundBody0(ProductPage.java:34)
at com.onlinerautomation.page.ProductPage$AjcClosure1.run(ProductPage.java:1)
at io.qameta.allure.aspects.StepsAspects.step(StepsAspects.java:50)
at com.onlinerautomation.page.ProductPage.verifyProductInfo(ProductPage.java:32)
at com.onlinerautomation.test.SearchTest.testOnlinerPositiveSearch(SearchTest.java:28)
... Removed 34 stack frames]]>
    </failure>
  </testcase> <!-- testOnlinerPositiveSearch -->
  <testcase name="testProductPageElements" time="6.151" classname="com.onlinerautomation.test.SearchTest"/>
  <testcase name="@BeforeSuite initTestSuite" time="0.0" classname="com.onlinerautomation.TestBase">
    <ignored/>
  </testcase> <!-- @BeforeSuite initTestSuite -->
  <testcase name="@BeforeSuite initTestSuite" time="0.0" classname="com.onlinerautomation.TestBase">
    <ignored/>
  </testcase> <!-- @BeforeSuite initTestSuite -->
  <testcase name="@BeforeSuite initTestSuite" time="0.0" classname="com.onlinerautomation.TestBase">
    <ignored/>
  </testcase> <!-- @BeforeSuite initTestSuite -->
</testsuite> <!-- Test -->
