<html>
<head>
<title>TestNG:  Test</title>
<link href="../testng.css" rel="stylesheet" type="text/css" />
<link href="../my-testng.css" rel="stylesheet" type="text/css" />

<style type="text/css">
.log { display: none;} 
.stack-trace { display: none;} 
</style>
<script type="text/javascript">
<!--
function flip(e) {
  current = e.style.display;
  if (current == 'block') {
    e.style.display = 'none';
    return 0;
  }
  else {
    e.style.display = 'block';
    return 1;
  }
}

function toggleBox(szDivId, elem, msg1, msg2)
{
  var res = -1;  if (document.getElementById) {
    res = flip(document.getElementById(szDivId));
  }
  else if (document.all) {
    // this is the way old msie versions work
    res = flip(document.all[szDivId]);
  }
  if(elem) {
    if(res == 0) elem.innerHTML = msg1; else elem.innerHTML = msg2;
  }

}

function toggleAllBoxes() {
  if (document.getElementsByTagName) {
    d = document.getElementsByTagName('div');
    for (i = 0; i < d.length; i++) {
      if (d[i].className == 'log') {
        flip(d[i]);
      }
    }
  }
}

// -->
</script>

</head>
<body>
<h2 align='center'>Test</h2><table border='1' align="center">
<tr>
<td>Tests passed/Failed/Skipped:</td><td>4/18/0</td>
</tr><tr>
<td>Started on:</td><td>Thu Jan 31 14:41:12 MSK 2019</td>
</tr>
<tr><td>Total time:</td><td>313 seconds (313182 ms)</td>
</tr><tr>
<td>Included groups:</td><td></td>
</tr><tr>
<td>Excluded groups:</td><td></td>
</tr>
</table><p/>
<small><i>(Hover the method name to see the test class name)</i></small><p/>
<table width='100%' border='1' class='invocation-failed'>
<tr><td colspan='4' align='center'><b>FAILED TESTS</b></td></tr>
<tr><td><b>Test method</b></td>
<td width="30%"><b>Exception</b></td>
<td width="10%"><b>Time (seconds)</b></td>
<td><b>Instance</b></td>
</tr>
<tr>
<td title='com.onlinerautomation.test.CarMarketTest.testFilterByCarBodyTypes()'><b>testFilterByCarBodyTypes</b><br>Test class: com.onlinerautomation.test.CarMarketTest<br>Test method: Select car by body type<br>Parameters: –°–µ–¥–∞–Ω</td>
<td><div><pre>java.lang.ArrayIndexOutOfBoundsException: -1
	at java.util.ArrayList.elementData(ArrayList.java:422)
	at java.util.ArrayList.get(ArrayList.java:435)
	at org.openqa.selenium.support.pagefactory.internal.LocatingElementListHandler.invoke(LocatingElementListHandler.java:39)
	at com.sun.proxy.$Proxy16.get(Unknown Source)
	at com.onlinerautomation.page.LeftMenu.getCarType(LeftMenu.java:61)
	at com.onlinerautomation.page.AutoMarketPage.setCarFilteryType_aroundBody2(AutoMarketPage.java:72)
	at com.onlinerautomation.page.AutoMarketPage$AjcClosure3.run(AutoMarketPage.java:1)
	at io.qameta.allure.aspects.StepsAspects.step(StepsAspects.java:50)
	at com.onlinerautomation.page.AutoMarketPage.setCarFilteryType(AutoMarketPage.java:71)
	at com.onlinerautomation.test.CarMarketTest.testFilterByCarBodyTypes(CarMarketTest.java:27)
... Removed 34 stack frames</pre></div><a href='#' onClick='toggleBox("stack-trace1331171857", this, "Click to show all stack frames", "Click to hide stack frames")'>Click to show all stack frames</a>
<div class='stack-trace' id='stack-trace1331171857'><pre>java.lang.ArrayIndexOutOfBoundsException: -1
	at java.util.ArrayList.elementData(ArrayList.java:422)
	at java.util.ArrayList.get(ArrayList.java:435)
	at sun.reflect.NativeMethodAccessorImpl.invoke0(Native Method)
	at sun.reflect.NativeMethodAccessorImpl.invoke(NativeMethodAccessorImpl.java:62)
	at sun.reflect.DelegatingMethodAccessorImpl.invoke(DelegatingMethodAccessorImpl.java:43)
	at java.lang.reflect.Method.invoke(Method.java:498)
	at org.openqa.selenium.support.pagefactory.internal.LocatingElementListHandler.invoke(LocatingElementListHandler.java:39)
	at com.sun.proxy.$Proxy16.get(Unknown Source)
	at com.onlinerautomation.page.LeftMenu.getCarType(LeftMenu.java:61)
	at com.onlinerautomation.page.AutoMarketPage.setCarFilteryType_aroundBody2(AutoMarketPage.java:72)
	at com.onlinerautomation.page.AutoMarketPage$AjcClosure3.run(AutoMarketPage.java:1)
	at org.aspectj.runtime.reflect.JoinPointImpl.proceed(JoinPointImpl.java:149)
	at io.qameta.allure.aspects.StepsAspects.step(StepsAspects.java:50)
	at com.onlinerautomation.page.AutoMarketPage.setCarFilteryType(AutoMarketPage.java:71)
	at com.onlinerautomation.test.CarMarketTest.testFilterByCarBodyTypes(CarMarketTest.java:27)
	at sun.reflect.NativeMethodAccessorImpl.invoke0(Native Method)
	at sun.reflect.NativeMethodAccessorImpl.invoke(NativeMethodAccessorImpl.java:62)
	at sun.reflect.DelegatingMethodAccessorImpl.invoke(DelegatingMethodAccessorImpl.java:43)
	at java.lang.reflect.Method.invoke(Method.java:498)
	at org.testng.internal.MethodInvocationHelper.invokeMethod(MethodInvocationHelper.java:124)
	at org.testng.internal.Invoker.invokeMethod(Invoker.java:580)
	at org.testng.internal.Invoker.invokeTestMethod(Invoker.java:716)
	at org.testng.internal.Invoker.invokeTestMethods(Invoker.java:988)
	at org.testng.internal.TestMethodWorker.invokeTestMethods(TestMethodWorker.java:125)
	at org.testng.internal.TestMethodWorker.run(TestMethodWorker.java:109)
	at org.testng.TestRunner.privateRun(TestRunner.java:648)
	at org.testng.TestRunner.run(TestRunner.java:505)
	at org.testng.SuiteRunner.runTest(SuiteRunner.java:455)
	at org.testng.SuiteRunner.runSequentially(SuiteRunner.java:450)
	at org.testng.SuiteRunner.privateRun(SuiteRunner.java:415)
	at org.testng.SuiteRunner.run(SuiteRunner.java:364)
	at org.testng.SuiteRunnerWorker.runSuite(SuiteRunnerWorker.java:52)
	at org.testng.SuiteRunnerWorker.run(SuiteRunnerWorker.java:84)
	at org.testng.TestNG.runSuitesSequentially(TestNG.java:1208)
	at org.testng.TestNG.runSuitesLocally(TestNG.java:1137)
	at org.testng.TestNG.runSuites(TestNG.java:1049)
	at org.testng.TestNG.run(TestNG.java:1017)
	at org.apache.maven.surefire.testng.TestNGExecutor.run(TestNGExecutor.java:283)
	at org.apache.maven.surefire.testng.TestNGXmlTestSuite.execute(TestNGXmlTestSuite.java:75)
	at org.apache.maven.surefire.testng.TestNGProvider.invoke(TestNGProvider.java:120)
	at org.apache.maven.surefire.booter.ForkedBooter.invokeProviderInSameClassLoader(ForkedBooter.java:379)
	at org.apache.maven.surefire.booter.ForkedBooter.runSuitesInProcess(ForkedBooter.java:340)
	at org.apache.maven.surefire.booter.ForkedBooter.execute(ForkedBooter.java:125)
	at org.apache.maven.surefire.booter.ForkedBooter.main(ForkedBooter.java:413)
</pre></div></td>
<td>1</td>
<td>com.onlinerautomation.test.CarMarketTest@402f80f5</td></tr>
<tr>
<td title='com.onlinerautomation.test.CarMarketTest.testFilterByCarBodyTypes()'><b>testFilterByCarBodyTypes</b><br>Test class: com.onlinerautomation.test.CarMarketTest<br>Test method: Select car by body type<br>Parameters: –£–Ω–∏–≤–µ—Ä—Å–∞–ª</td>
<td><div><pre>java.lang.ArrayIndexOutOfBoundsException
</pre></div><a href='#' onClick='toggleBox("stack-trace1716832781", this, "Click to show all stack frames", "Click to hide stack frames")'>Click to show all stack frames</a>
<div class='stack-trace' id='stack-trace1716832781'><pre>java.lang.ArrayIndexOutOfBoundsException
</pre></div></td>
<td>1</td>
<td>com.onlinerautomation.test.CarMarketTest@402f80f5</td></tr>
<tr>
<td title='com.onlinerautomation.test.CarMarketTest.testFilterByCarBodyTypes()'><b>testFilterByCarBodyTypes</b><br>Test class: com.onlinerautomation.test.CarMarketTest<br>Test method: Select car by body type<br>Parameters: –•–µ—Ç—á–±—ç–∫</td>
<td><div><pre>java.lang.ArrayIndexOutOfBoundsException
</pre></div><a href='#' onClick='toggleBox("stack-trace1379580841", this, "Click to show all stack frames", "Click to hide stack frames")'>Click to show all stack frames</a>
<div class='stack-trace' id='stack-trace1379580841'><pre>java.lang.ArrayIndexOutOfBoundsException
</pre></div></td>
<td>1</td>
<td>com.onlinerautomation.test.CarMarketTest@402f80f5</td></tr>
<tr>
<td title='com.onlinerautomation.test.CarMarketTest.testFilterByCarBodyTypes()'><b>testFilterByCarBodyTypes</b><br>Test class: com.onlinerautomation.test.CarMarketTest<br>Test method: Select car by body type<br>Parameters: –ú–∏–Ω–∏–≤—ç–Ω</td>
<td><div><pre>java.lang.ArrayIndexOutOfBoundsException
</pre></div><a href='#' onClick='toggleBox("stack-trace1320260667", this, "Click to show all stack frames", "Click to hide stack frames")'>Click to show all stack frames</a>
<div class='stack-trace' id='stack-trace1320260667'><pre>java.lang.ArrayIndexOutOfBoundsException
</pre></div></td>
<td>1</td>
<td>com.onlinerautomation.test.CarMarketTest@402f80f5</td></tr>
<tr>
<td title='com.onlinerautomation.test.CarMarketTest.testFilterByCarBodyTypes()'><b>testFilterByCarBodyTypes</b><br>Test class: com.onlinerautomation.test.CarMarketTest<br>Test method: Select car by body type<br>Parameters: –í–Ω–µ–¥–æ—Ä–æ–∂–Ω–∏–∫</td>
<td><div><pre>java.lang.ArrayIndexOutOfBoundsException
</pre></div><a href='#' onClick='toggleBox("stack-trace1112551577", this, "Click to show all stack frames", "Click to hide stack frames")'>Click to show all stack frames</a>
<div class='stack-trace' id='stack-trace1112551577'><pre>java.lang.ArrayIndexOutOfBoundsException
</pre></div></td>
<td>1</td>
<td>com.onlinerautomation.test.CarMarketTest@402f80f5</td></tr>
<tr>
<td title='com.onlinerautomation.test.CarMarketTest.testFilterByCarBodyTypes()'><b>testFilterByCarBodyTypes</b><br>Test class: com.onlinerautomation.test.CarMarketTest<br>Test method: Select car by body type<br>Parameters: –ö—É–ø–µ</td>
<td><div><pre>java.lang.ArrayIndexOutOfBoundsException
</pre></div><a href='#' onClick='toggleBox("stack-trace436338687", this, "Click to show all stack frames", "Click to hide stack frames")'>Click to show all stack frames</a>
<div class='stack-trace' id='stack-trace436338687'><pre>java.lang.ArrayIndexOutOfBoundsException
</pre></div></td>
<td>1</td>
<td>com.onlinerautomation.test.CarMarketTest@402f80f5</td></tr>
<tr>
<td title='com.onlinerautomation.test.CarMarketTest.testFilterByCarBodyTypes()'><b>testFilterByCarBodyTypes</b><br>Test class: com.onlinerautomation.test.CarMarketTest<br>Test method: Select car by body type<br>Parameters: –ö–∞–±—Ä–∏–æ–ª–µ—Ç</td>
<td><div><pre>java.lang.ArrayIndexOutOfBoundsException
</pre></div><a href='#' onClick='toggleBox("stack-trace298045034", this, "Click to show all stack frames", "Click to hide stack frames")'>Click to show all stack frames</a>
<div class='stack-trace' id='stack-trace298045034'><pre>java.lang.ArrayIndexOutOfBoundsException
</pre></div></td>
<td>1</td>
<td>com.onlinerautomation.test.CarMarketTest@402f80f5</td></tr>
<tr>
<td title='com.onlinerautomation.test.CarMarketTest.testFilterByCarBodyTypes()'><b>testFilterByCarBodyTypes</b><br>Test class: com.onlinerautomation.test.CarMarketTest<br>Test method: Select car by body type<br>Parameters: –ú–∏–∫—Ä–æ–∞–≤—Ç–æ–±—É—Å</td>
<td><div><pre>java.lang.ArrayIndexOutOfBoundsException
</pre></div><a href='#' onClick='toggleBox("stack-trace2085398652", this, "Click to show all stack frames", "Click to hide stack frames")'>Click to show all stack frames</a>
<div class='stack-trace' id='stack-trace2085398652'><pre>java.lang.ArrayIndexOutOfBoundsException
</pre></div></td>
<td>1</td>
<td>com.onlinerautomation.test.CarMarketTest@402f80f5</td></tr>
<tr>
<td title='com.onlinerautomation.test.CarMarketTest.testFilterByCarBodyTypes()'><b>testFilterByCarBodyTypes</b><br>Test class: com.onlinerautomation.test.CarMarketTest<br>Test method: Select car by body type<br>Parameters: –ü–∏–∫–∞–ø</td>
<td><div><pre>java.lang.ArrayIndexOutOfBoundsException
</pre></div><a href='#' onClick='toggleBox("stack-trace201331640", this, "Click to show all stack frames", "Click to hide stack frames")'>Click to show all stack frames</a>
<div class='stack-trace' id='stack-trace201331640'><pre>java.lang.ArrayIndexOutOfBoundsException
</pre></div></td>
<td>2</td>
<td>com.onlinerautomation.test.CarMarketTest@402f80f5</td></tr>
<tr>
<td title='com.onlinerautomation.test.CarMarketTest.testFilterByCarBodyTypes()'><b>testFilterByCarBodyTypes</b><br>Test class: com.onlinerautomation.test.CarMarketTest<br>Test method: Select car by body type<br>Parameters: –§—É—Ä–≥–æ–Ω</td>
<td><div><pre>java.lang.ArrayIndexOutOfBoundsException
</pre></div><a href='#' onClick='toggleBox("stack-trace1932330893", this, "Click to show all stack frames", "Click to hide stack frames")'>Click to show all stack frames</a>
<div class='stack-trace' id='stack-trace1932330893'><pre>java.lang.ArrayIndexOutOfBoundsException
</pre></div></td>
<td>1</td>
<td>com.onlinerautomation.test.CarMarketTest@402f80f5</td></tr>
<tr>
<td title='com.onlinerautomation.test.CarMarketTest.testFilterByCarEngineType()'><b>testFilterByCarEngineType</b><br>Test class: com.onlinerautomation.test.CarMarketTest<br>Test method: Select car by engine type<br>Parameters: –ë–µ–Ω–∑–∏–Ω</td>
<td><div><pre>java.lang.ArrayIndexOutOfBoundsException
</pre></div><a href='#' onClick='toggleBox("stack-trace1284326863", this, "Click to show all stack frames", "Click to hide stack frames")'>Click to show all stack frames</a>
<div class='stack-trace' id='stack-trace1284326863'><pre>java.lang.ArrayIndexOutOfBoundsException
</pre></div></td>
<td>1</td>
<td>com.onlinerautomation.test.CarMarketTest@402f80f5</td></tr>
<tr>
<td title='com.onlinerautomation.test.CarMarketTest.testFilterByCarEngineType()'><b>testFilterByCarEngineType</b><br>Test class: com.onlinerautomation.test.CarMarketTest<br>Test method: Select car by engine type<br>Parameters: –î–∏–∑–µ–ª—å</td>
<td><div><pre>java.lang.ArrayIndexOutOfBoundsException
</pre></div><a href='#' onClick='toggleBox("stack-trace1647441786", this, "Click to show all stack frames", "Click to hide stack frames")'>Click to show all stack frames</a>
<div class='stack-trace' id='stack-trace1647441786'><pre>java.lang.ArrayIndexOutOfBoundsException
</pre></div></td>
<td>2</td>
<td>com.onlinerautomation.test.CarMarketTest@402f80f5</td></tr>
<tr>
<td title='com.onlinerautomation.test.CarMarketTest.testFilterByCarEngineType()'><b>testFilterByCarEngineType</b><br>Test class: com.onlinerautomation.test.CarMarketTest<br>Test method: Select car by engine type<br>Parameters: –ì–∞–∑ (–±–µ–Ω–∑–∏–Ω)</td>
<td><div><pre>java.lang.ArrayIndexOutOfBoundsException
</pre></div><a href='#' onClick='toggleBox("stack-trace809976993", this, "Click to show all stack frames", "Click to hide stack frames")'>Click to show all stack frames</a>
<div class='stack-trace' id='stack-trace809976993'><pre>java.lang.ArrayIndexOutOfBoundsException
</pre></div></td>
<td>1</td>
<td>com.onlinerautomation.test.CarMarketTest@402f80f5</td></tr>
<tr>
<td title='com.onlinerautomation.test.CarMarketTest.testFilterByCarEngineType()'><b>testFilterByCarEngineType</b><br>Test class: com.onlinerautomation.test.CarMarketTest<br>Test method: Select car by engine type<br>Parameters: –ì–∏–±—Ä–∏–¥ (–±–µ–Ω–∑–∏–Ω)</td>
<td><div><pre>java.lang.ArrayIndexOutOfBoundsException
</pre></div><a href='#' onClick='toggleBox("stack-trace679741936", this, "Click to show all stack frames", "Click to hide stack frames")'>Click to show all stack frames</a>
<div class='stack-trace' id='stack-trace679741936'><pre>java.lang.ArrayIndexOutOfBoundsException
</pre></div></td>
<td>1</td>
<td>com.onlinerautomation.test.CarMarketTest@402f80f5</td></tr>
<tr>
<td title='com.onlinerautomation.test.CarMarketTest.testFilterByCarEngineType()'><b>testFilterByCarEngineType</b><br>Test class: com.onlinerautomation.test.CarMarketTest<br>Test method: Select car by engine type<br>Parameters: –≠–ª–µ–∫—Ç—Ä–æ–º–æ–±–∏–ª—å</td>
<td><div><pre>java.lang.ArrayIndexOutOfBoundsException
</pre></div><a href='#' onClick='toggleBox("stack-trace369916994", this, "Click to show all stack frames", "Click to hide stack frames")'>Click to show all stack frames</a>
<div class='stack-trace' id='stack-trace369916994'><pre>java.lang.ArrayIndexOutOfBoundsException
</pre></div></td>
<td>1</td>
<td>com.onlinerautomation.test.CarMarketTest@402f80f5</td></tr>
<tr>
<td title='com.onlinerautomation.test.CarMarketTest.testFilterByCarTransmissionType()'><b>testFilterByCarTransmissionType</b><br>Test class: com.onlinerautomation.test.CarMarketTest<br>Test method: Select car by transmission type<br>Parameters: –ê–≤—Ç–æ–º–∞—Ç–∏—á–µ—Å–∫–∞—è</td>
<td><div><pre>java.lang.ArrayIndexOutOfBoundsException
</pre></div><a href='#' onClick='toggleBox("stack-trace1621525516", this, "Click to show all stack frames", "Click to hide stack frames")'>Click to show all stack frames</a>
<div class='stack-trace' id='stack-trace1621525516'><pre>java.lang.ArrayIndexOutOfBoundsException
</pre></div></td>
<td>1</td>
<td>com.onlinerautomation.test.CarMarketTest@402f80f5</td></tr>
<tr>
<td title='com.onlinerautomation.test.CarMarketTest.testFilterByCarTransmissionType()'><b>testFilterByCarTransmissionType</b><br>Test class: com.onlinerautomation.test.CarMarketTest<br>Test method: Select car by transmission type<br>Parameters: –ú–µ—Ö–∞–Ω–∏—á–µ—Å–∫–∞—è</td>
<td><div><pre>java.lang.ArrayIndexOutOfBoundsException
</pre></div><a href='#' onClick='toggleBox("stack-trace2067533515", this, "Click to show all stack frames", "Click to hide stack frames")'>Click to show all stack frames</a>
<div class='stack-trace' id='stack-trace2067533515'><pre>java.lang.ArrayIndexOutOfBoundsException
</pre></div></td>
<td>1</td>
<td>com.onlinerautomation.test.CarMarketTest@402f80f5</td></tr>
<tr>
<td title='com.onlinerautomation.test.SearchTest.testOnlinerPositiveSearch()'><b>testOnlinerPositiveSearch</b><br>Test class: com.onlinerautomation.test.SearchTest<br>Test method: Search product in catalog</td>
<td><div><pre>java.lang.AssertionError: Product information is not correct: Lists differ at element [0]: Apple iPhone 7 32GB Black != —Ï‡ÚÙÓÌ Apple iPhone 7 32GB Black expected [Apple iPhone 7 32GB Black] but found [—Ï‡ÚÙÓÌ Apple iPhone 7 32GB Black]
	at com.onlinerautomation.page.ProductPage.verifyProductInfo_aroundBody0(ProductPage.java:34)
	at com.onlinerautomation.page.ProductPage$AjcClosure1.run(ProductPage.java:1)
	at io.qameta.allure.aspects.StepsAspects.step(StepsAspects.java:50)
	at com.onlinerautomation.page.ProductPage.verifyProductInfo(ProductPage.java:32)
	at com.onlinerautomation.test.SearchTest.testOnlinerPositiveSearch(SearchTest.java:28)
... Removed 34 stack frames</pre></div><a href='#' onClick='toggleBox("stack-trace1894577531", this, "Click to show all stack frames", "Click to hide stack frames")'>Click to show all stack frames</a>
<div class='stack-trace' id='stack-trace1894577531'><pre>java.lang.AssertionError: Product information is not correct: Lists differ at element [0]: Apple iPhone 7 32GB Black != —Ï‡ÚÙÓÌ Apple iPhone 7 32GB Black expected [Apple iPhone 7 32GB Black] but found [—Ï‡ÚÙÓÌ Apple iPhone 7 32GB Black]
	at org.testng.Assert.fail(Assert.java:96)
	at org.testng.Assert.failNotEquals(Assert.java:776)
	at org.testng.Assert.assertEqualsImpl(Assert.java:137)
	at org.testng.Assert.assertEquals(Assert.java:831)
	at com.onlinerautomation.page.ProductPage.verifyProductInfo_aroundBody0(ProductPage.java:34)
	at com.onlinerautomation.page.ProductPage$AjcClosure1.run(ProductPage.java:1)
	at org.aspectj.runtime.reflect.JoinPointImpl.proceed(JoinPointImpl.java:149)
	at io.qameta.allure.aspects.StepsAspects.step(StepsAspects.java:50)
	at com.onlinerautomation.page.ProductPage.verifyProductInfo(ProductPage.java:32)
	at com.onlinerautomation.test.SearchTest.testOnlinerPositiveSearch(SearchTest.java:28)
	at sun.reflect.NativeMethodAccessorImpl.invoke0(Native Method)
	at sun.reflect.NativeMethodAccessorImpl.invoke(NativeMethodAccessorImpl.java:62)
	at sun.reflect.DelegatingMethodAccessorImpl.invoke(DelegatingMethodAccessorImpl.java:43)
	at java.lang.reflect.Method.invoke(Method.java:498)
	at org.testng.internal.MethodInvocationHelper.invokeMethod(MethodInvocationHelper.java:124)
	at org.testng.internal.Invoker.invokeMethod(Invoker.java:580)
	at org.testng.internal.Invoker.invokeTestMethod(Invoker.java:716)
	at org.testng.internal.Invoker.invokeTestMethods(Invoker.java:988)
	at org.testng.internal.TestMethodWorker.invokeTestMethods(TestMethodWorker.java:125)
	at org.testng.internal.TestMethodWorker.run(TestMethodWorker.java:109)
	at org.testng.TestRunner.privateRun(TestRunner.java:648)
	at org.testng.TestRunner.run(TestRunner.java:505)
	at org.testng.SuiteRunner.runTest(SuiteRunner.java:455)
	at org.testng.SuiteRunner.runSequentially(SuiteRunner.java:450)
	at org.testng.SuiteRunner.privateRun(SuiteRunner.java:415)
	at org.testng.SuiteRunner.run(SuiteRunner.java:364)
	at org.testng.SuiteRunnerWorker.runSuite(SuiteRunnerWorker.java:52)
	at org.testng.SuiteRunnerWorker.run(SuiteRunnerWorker.java:84)
	at org.testng.TestNG.runSuitesSequentially(TestNG.java:1208)
	at org.testng.TestNG.runSuitesLocally(TestNG.java:1137)
	at org.testng.TestNG.runSuites(TestNG.java:1049)
	at org.testng.TestNG.run(TestNG.java:1017)
	at org.apache.maven.surefire.testng.TestNGExecutor.run(TestNGExecutor.java:283)
	at org.apache.maven.surefire.testng.TestNGXmlTestSuite.execute(TestNGXmlTestSuite.java:75)
	at org.apache.maven.surefire.testng.TestNGProvider.invoke(TestNGProvider.java:120)
	at org.apache.maven.surefire.booter.ForkedBooter.invokeProviderInSameClassLoader(ForkedBooter.java:379)
	at org.apache.maven.surefire.booter.ForkedBooter.runSuitesInProcess(ForkedBooter.java:340)
	at org.apache.maven.surefire.booter.ForkedBooter.execute(ForkedBooter.java:125)
	at org.apache.maven.surefire.booter.ForkedBooter.main(ForkedBooter.java:413)
</pre></div></td>
<td>7</td>
<td>com.onlinerautomation.test.SearchTest@133e019b</td></tr>
</table><p>
<table width='100%' border='1' class='invocation-passed'>
<tr><td colspan='4' align='center'><b>PASSED TESTS</b></td></tr>
<tr><td><b>Test method</b></td>
<td width="30%"><b>Exception</b></td>
<td width="10%"><b>Time (seconds)</b></td>
<td><b>Instance</b></td>
</tr>
<tr>
<td title='com.onlinerautomation.test.CarAnnouncementTest.testComparePreviewAndOpenedAnnouncementData()'><b>testComparePreviewAndOpenedAnnouncementData</b><br>Test class: com.onlinerautomation.test.CarAnnouncementTest<br>Test method: Compare preview data with opened announcement data</td>
<td></td>
<td>27</td>
<td>com.onlinerautomation.test.CarAnnouncementTest@5ed190be</td></tr>
<tr>
<td title='com.onlinerautomation.test.OnlinerHomePageTest.testOnlinerHomePage()'><b>testOnlinerHomePage</b><br>Test class: com.onlinerautomation.test.OnlinerHomePageTest</td>
<td></td>
<td>1</td>
<td>com.onlinerautomation.test.OnlinerHomePageTest@5bbc9f97</td></tr>
<tr>
<td title='com.onlinerautomation.test.SearchTest.testProductPageElements()'><b>testProductPageElements</b><br>Test class: com.onlinerautomation.test.SearchTest<br>Test method: Verify product page elements</td>
<td></td>
<td>6</td>
<td>com.onlinerautomation.test.SearchTest@133e019b</td></tr>
<tr>
<td title='com.onlinerautomation.test.CarAnnouncementTest.testVerifyPageElements()'><b>testVerifyPageElements</b><br>Test class: com.onlinerautomation.test.CarAnnouncementTest<br>Test method: Verify car announcement elements</td>
<td></td>
<td>7</td>
<td>com.onlinerautomation.test.CarAnnouncementTest@5ed190be</td></tr>
</table><p>
</body>
</html>