<?xml version="1.0" encoding="UTF-8"?>
<testsuite xmlns:xsi="http://www.w3.org/2001/XMLSchema-instance" xsi:noNamespaceSchemaLocation="https://maven.apache.org/surefire/maven-surefire-plugin/xsd/surefire-test-report.xsd" name="TestSuite" time="305.125" tests="22" errors="0" skipped="0" failures="18">
  <properties>
[...]
</properties>
  <testcase name="testComparePreviewAndOpenedAnnouncementData" classname="com.onlinerautomation.test.CarAnnouncementTest" time="5.97"/>
  <testcase name="testVerifyPageElements" classname="com.onlinerautomation.test.CarAnnouncementTest" time="7.188"/>
  <testcase name="testFilterByCarBodyTypes" classname="com.onlinerautomation.test.CarMarketTest" time="2.506">
    <failure message="-1" type="java.lang.ArrayIndexOutOfBoundsException">java.lang.ArrayIndexOutOfBoundsException: -1
	at com.onlinerautomation.test.CarMarketTest.testFilterByCarBodyTypes(CarMarketTest.java:27)
</failure>
    <system-out><![CDATA[2019-02-01 10:43:55 TestBase:53 - Close WebDriver
2019-02-01 10:43:56 TestBase:45 - Method name: testFilterByCarBodyTypes
2019-02-01 10:43:56 TestBase:59 - Web driver was initialized
2019-02-01 10:44:03 HomePage:49 - Click on car market button
2019-02-01 10:44:05 AutoMarketPage:65 - Verify cars annoumcement list
2019-02-01 10:44:07 NamingUtils:47 - Could not process empty pattern
2019-02-01 10:44:07 AutoMarketPage:73 - Select [РЎРµРґР°РЅ] car in car filter
]]></system-out>
    <system-err><![CDATA[Starting ChromeDriver 72.0.3626.69 (3c16f8a135abc0d4da2dff33804db79b849a7c38) on port 16774
Only local connections are allowed.
Please protect ports used by ChromeDriver and related test frameworks to prevent access by malicious code.
Feb 01, 2019 10:43:58 AM org.openqa.selenium.remote.ProtocolHandshake createSession
INFO: Detected dialect: OSS
]]></system-err>
  </testcase>
  <testcase name="testFilterByCarBodyTypes" classname="com.onlinerautomation.test.CarMarketTest" time="2.088">
    <failure type="java.lang.ArrayIndexOutOfBoundsException">java.lang.ArrayIndexOutOfBoundsException
</failure>
    <system-out><![CDATA[2019-02-01 10:44:08 TestBase:53 - Close WebDriver
2019-02-01 10:44:09 TestBase:45 - Method name: testFilterByCarBodyTypes
2019-02-01 10:44:09 TestBase:59 - Web driver was initialized
2019-02-01 10:44:16 HomePage:49 - Click on car market button
2019-02-01 10:44:20 AutoMarketPage:65 - Verify cars annoumcement list
2019-02-01 10:44:21 NamingUtils:47 - Could not process empty pattern
2019-02-01 10:44:21 AutoMarketPage:73 - Select [РЈРЅРёРІРµСЂСЃР°Р»] car in car filter
]]></system-out>
    <system-err><![CDATA[Starting ChromeDriver 72.0.3626.69 (3c16f8a135abc0d4da2dff33804db79b849a7c38) on port 42276
Only local connections are allowed.
Please protect ports used by ChromeDriver and related test frameworks to prevent access by malicious code.
Feb 01, 2019 10:44:11 AM org.openqa.selenium.remote.ProtocolHandshake createSession
INFO: Detected dialect: OSS
]]></system-err>
  </testcase>
  <testcase name="testFilterByCarBodyTypes" classname="com.onlinerautomation.test.CarMarketTest" time="2.024">
    <failure type="java.lang.ArrayIndexOutOfBoundsException">java.lang.ArrayIndexOutOfBoundsException
</failure>
    <system-out><![CDATA[2019-02-01 10:44:22 TestBase:53 - Close WebDriver
2019-02-01 10:44:23 TestBase:45 - Method name: testFilterByCarBodyTypes
2019-02-01 10:44:23 TestBase:59 - Web driver was initialized
2019-02-01 10:44:31 HomePage:49 - Click on car market button
2019-02-01 10:44:34 AutoMarketPage:65 - Verify cars annoumcement list
2019-02-01 10:44:35 NamingUtils:47 - Could not process empty pattern
2019-02-01 10:44:36 AutoMarketPage:73 - Select [РҐРµС‚С‡Р±СЌРє] car in car filter
]]></system-out>
    <system-err><![CDATA[Starting ChromeDriver 72.0.3626.69 (3c16f8a135abc0d4da2dff33804db79b849a7c38) on port 40614
Only local connections are allowed.
Please protect ports used by ChromeDriver and related test frameworks to prevent access by malicious code.
Feb 01, 2019 10:44:26 AM org.openqa.selenium.remote.ProtocolHandshake createSession
INFO: Detected dialect: OSS
]]></system-err>
  </testcase>
  <testcase name="testFilterByCarBodyTypes" classname="com.onlinerautomation.test.CarMarketTest" time="2.524">
    <failure type="java.lang.ArrayIndexOutOfBoundsException">java.lang.ArrayIndexOutOfBoundsException
</failure>
    <system-out><![CDATA[2019-02-01 10:44:36 TestBase:53 - Close WebDriver
2019-02-01 10:44:37 TestBase:45 - Method name: testFilterByCarBodyTypes
2019-02-01 10:44:37 TestBase:59 - Web driver was initialized
2019-02-01 10:44:44 HomePage:49 - Click on car market button
2019-02-01 10:44:46 AutoMarketPage:65 - Verify cars annoumcement list
2019-02-01 10:44:48 NamingUtils:47 - Could not process empty pattern
2019-02-01 10:44:48 AutoMarketPage:73 - Select [РњРёРЅРёРІСЌРЅ] car in car filter
]]></system-out>
    <system-err><![CDATA[Starting ChromeDriver 72.0.3626.69 (3c16f8a135abc0d4da2dff33804db79b849a7c38) on port 32542
Only local connections are allowed.
Please protect ports used by ChromeDriver and related test frameworks to prevent access by malicious code.
Feb 01, 2019 10:44:40 AM org.openqa.selenium.remote.ProtocolHandshake createSession
INFO: Detected dialect: OSS
]]></system-err>
  </testcase>
  <testcase name="testFilterByCarBodyTypes" classname="com.onlinerautomation.test.CarMarketTest" time="2.029">
    <failure type="java.lang.ArrayIndexOutOfBoundsException">java.lang.ArrayIndexOutOfBoundsException
</failure>
    <system-out><![CDATA[2019-02-01 10:44:49 TestBase:53 - Close WebDriver
2019-02-01 10:44:50 TestBase:45 - Method name: testFilterByCarBodyTypes
2019-02-01 10:44:50 TestBase:59 - Web driver was initialized
2019-02-01 10:44:57 HomePage:49 - Click on car market button
2019-02-01 10:45:00 AutoMarketPage:65 - Verify cars annoumcement list
2019-02-01 10:45:01 NamingUtils:47 - Could not process empty pattern
2019-02-01 10:45:01 AutoMarketPage:73 - Select [Р’РЅРµРґРѕСЂРѕР¶РЅРёРє] car in car filter
]]></system-out>
    <system-err><![CDATA[Starting ChromeDriver 72.0.3626.69 (3c16f8a135abc0d4da2dff33804db79b849a7c38) on port 33458
Only local connections are allowed.
Please protect ports used by ChromeDriver and related test frameworks to prevent access by malicious code.
Feb 01, 2019 10:44:52 AM org.openqa.selenium.remote.ProtocolHandshake createSession
INFO: Detected dialect: OSS
]]></system-err>
  </testcase>
  <testcase name="testFilterByCarBodyTypes" classname="com.onlinerautomation.test.CarMarketTest" time="2.392">
    <failure type="java.lang.ArrayIndexOutOfBoundsException">java.lang.ArrayIndexOutOfBoundsException
</failure>
    <system-out><![CDATA[2019-02-01 10:45:02 TestBase:53 - Close WebDriver
2019-02-01 10:45:03 TestBase:45 - Method name: testFilterByCarBodyTypes
2019-02-01 10:45:03 TestBase:59 - Web driver was initialized
2019-02-01 10:45:10 HomePage:49 - Click on car market button
2019-02-01 10:45:12 AutoMarketPage:65 - Verify cars annoumcement list
2019-02-01 10:45:13 NamingUtils:47 - Could not process empty pattern
2019-02-01 10:45:13 AutoMarketPage:73 - Select [РљСѓРїРµ] car in car filter
]]></system-out>
    <system-err><![CDATA[Starting ChromeDriver 72.0.3626.69 (3c16f8a135abc0d4da2dff33804db79b849a7c38) on port 5154
Only local connections are allowed.
Please protect ports used by ChromeDriver and related test frameworks to prevent access by malicious code.
Feb 01, 2019 10:45:05 AM org.openqa.selenium.remote.ProtocolHandshake createSession
INFO: Detected dialect: OSS
]]></system-err>
  </testcase>
  <testcase name="testFilterByCarBodyTypes" classname="com.onlinerautomation.test.CarMarketTest" time="2.525">
    <failure type="java.lang.ArrayIndexOutOfBoundsException">java.lang.ArrayIndexOutOfBoundsException
</failure>
    <system-out><![CDATA[2019-02-01 10:45:14 TestBase:53 - Close WebDriver
2019-02-01 10:45:15 TestBase:45 - Method name: testFilterByCarBodyTypes
2019-02-01 10:45:15 TestBase:59 - Web driver was initialized
2019-02-01 10:45:23 HomePage:49 - Click on car market button
2019-02-01 10:45:25 AutoMarketPage:65 - Verify cars annoumcement list
2019-02-01 10:45:26 NamingUtils:47 - Could not process empty pattern
2019-02-01 10:45:26 AutoMarketPage:73 - Select [РљР°Р±СЂРёРѕР»РµС‚] car in car filter
]]></system-out>
    <system-err><![CDATA[Starting ChromeDriver 72.0.3626.69 (3c16f8a135abc0d4da2dff33804db79b849a7c38) on port 42223
Only local connections are allowed.
Please protect ports used by ChromeDriver and related test frameworks to prevent access by malicious code.
Feb 01, 2019 10:45:18 AM org.openqa.selenium.remote.ProtocolHandshake createSession
INFO: Detected dialect: OSS
]]></system-err>
  </testcase>
  <testcase name="testFilterByCarBodyTypes" classname="com.onlinerautomation.test.CarMarketTest" time="2.48">
    <failure type="java.lang.ArrayIndexOutOfBoundsException">java.lang.ArrayIndexOutOfBoundsException
</failure>
    <system-out><![CDATA[2019-02-01 10:45:28 TestBase:53 - Close WebDriver
2019-02-01 10:45:29 TestBase:45 - Method name: testFilterByCarBodyTypes
2019-02-01 10:45:29 TestBase:59 - Web driver was initialized
2019-02-01 10:45:36 HomePage:49 - Click on car market button
2019-02-01 10:45:38 AutoMarketPage:65 - Verify cars annoumcement list
2019-02-01 10:45:40 NamingUtils:47 - Could not process empty pattern
2019-02-01 10:45:40 AutoMarketPage:73 - Select [РњРёРєСЂРѕР°РІС‚РѕР±СѓСЃ] car in car filter
]]></system-out>
    <system-err><![CDATA[Starting ChromeDriver 72.0.3626.69 (3c16f8a135abc0d4da2dff33804db79b849a7c38) on port 34850
Only local connections are allowed.
Please protect ports used by ChromeDriver and related test frameworks to prevent access by malicious code.
Feb 01, 2019 10:45:31 AM org.openqa.selenium.remote.ProtocolHandshake createSession
INFO: Detected dialect: OSS
]]></system-err>
  </testcase>
  <testcase name="testFilterByCarBodyTypes" classname="com.onlinerautomation.test.CarMarketTest" time="2.458">
    <failure type="java.lang.ArrayIndexOutOfBoundsException">java.lang.ArrayIndexOutOfBoundsException
</failure>
    <system-out><![CDATA[2019-02-01 10:45:41 TestBase:53 - Close WebDriver
2019-02-01 10:45:42 TestBase:45 - Method name: testFilterByCarBodyTypes
2019-02-01 10:45:42 TestBase:59 - Web driver was initialized
2019-02-01 10:45:49 HomePage:49 - Click on car market button
2019-02-01 10:45:51 AutoMarketPage:65 - Verify cars annoumcement list
2019-02-01 10:45:53 NamingUtils:47 - Could not process empty pattern
2019-02-01 10:45:53 AutoMarketPage:73 - Select [РџРёРєР°Рї] car in car filter
]]></system-out>
    <system-err><![CDATA[Starting ChromeDriver 72.0.3626.69 (3c16f8a135abc0d4da2dff33804db79b849a7c38) on port 3984
Only local connections are allowed.
Please protect ports used by ChromeDriver and related test frameworks to prevent access by malicious code.
Feb 01, 2019 10:45:44 AM org.openqa.selenium.remote.ProtocolHandshake createSession
INFO: Detected dialect: OSS
]]></system-err>
  </testcase>
  <testcase name="testFilterByCarBodyTypes" classname="com.onlinerautomation.test.CarMarketTest" time="2.665">
    <failure type="java.lang.ArrayIndexOutOfBoundsException">java.lang.ArrayIndexOutOfBoundsException
</failure>
    <system-out><![CDATA[2019-02-01 10:45:54 TestBase:53 - Close WebDriver
2019-02-01 10:45:55 TestBase:45 - Method name: testFilterByCarBodyTypes
2019-02-01 10:45:55 TestBase:59 - Web driver was initialized
2019-02-01 10:46:02 HomePage:49 - Click on car market button
2019-02-01 10:46:05 AutoMarketPage:65 - Verify cars annoumcement list
2019-02-01 10:46:06 NamingUtils:47 - Could not process empty pattern
2019-02-01 10:46:06 AutoMarketPage:73 - Select [Р¤СѓСЂРіРѕРЅ] car in car filter
]]></system-out>
    <system-err><![CDATA[Starting ChromeDriver 72.0.3626.69 (3c16f8a135abc0d4da2dff33804db79b849a7c38) on port 41123
Only local connections are allowed.
Please protect ports used by ChromeDriver and related test frameworks to prevent access by malicious code.
Feb 01, 2019 10:45:57 AM org.openqa.selenium.remote.ProtocolHandshake createSession
INFO: Detected dialect: OSS
]]></system-err>
  </testcase>
  <testcase name="testFilterByCarEngineType" classname="com.onlinerautomation.test.CarMarketTest" time="2.261">
    <failure type="java.lang.ArrayIndexOutOfBoundsException">java.lang.ArrayIndexOutOfBoundsException
</failure>
    <system-out><![CDATA[2019-02-01 10:46:07 TestBase:53 - Close WebDriver
2019-02-01 10:46:09 TestBase:45 - Method name: testFilterByCarEngineType
2019-02-01 10:46:09 TestBase:59 - Web driver was initialized
2019-02-01 10:46:16 HomePage:49 - Click on car market button
2019-02-01 10:46:18 AutoMarketPage:65 - Verify cars annoumcement list
2019-02-01 10:46:19 NamingUtils:47 - Could not process empty pattern
2019-02-01 10:46:19 AutoMarketPage:73 - Select [Р‘РµРЅР·РёРЅ] car in car filter
]]></system-out>
    <system-err><![CDATA[Starting ChromeDriver 72.0.3626.69 (3c16f8a135abc0d4da2dff33804db79b849a7c38) on port 13023
Only local connections are allowed.
Please protect ports used by ChromeDriver and related test frameworks to prevent access by malicious code.
Feb 01, 2019 10:46:11 AM org.openqa.selenium.remote.ProtocolHandshake createSession
INFO: Detected dialect: OSS
]]></system-err>
  </testcase>
  <testcase name="testFilterByCarEngineType" classname="com.onlinerautomation.test.CarMarketTest" time="2.306">
    <failure type="java.lang.ArrayIndexOutOfBoundsException">java.lang.ArrayIndexOutOfBoundsException
</failure>
    <system-out><![CDATA[2019-02-01 10:46:20 TestBase:53 - Close WebDriver
2019-02-01 10:46:21 TestBase:45 - Method name: testFilterByCarEngineType
2019-02-01 10:46:21 TestBase:59 - Web driver was initialized
2019-02-01 10:46:28 HomePage:49 - Click on car market button
2019-02-01 10:46:31 AutoMarketPage:65 - Verify cars annoumcement list
2019-02-01 10:46:32 NamingUtils:47 - Could not process empty pattern
2019-02-01 10:46:32 AutoMarketPage:73 - Select [Р”РёР·РµР»СЊ] car in car filter
]]></system-out>
    <system-err><![CDATA[Starting ChromeDriver 72.0.3626.69 (3c16f8a135abc0d4da2dff33804db79b849a7c38) on port 47783
Only local connections are allowed.
Please protect ports used by ChromeDriver and related test frameworks to prevent access by malicious code.
Feb 01, 2019 10:46:24 AM org.openqa.selenium.remote.ProtocolHandshake createSession
INFO: Detected dialect: OSS
]]></system-err>
  </testcase>
  <testcase name="testFilterByCarEngineType" classname="com.onlinerautomation.test.CarMarketTest" time="2.323">
    <failure type="java.lang.ArrayIndexOutOfBoundsException">java.lang.ArrayIndexOutOfBoundsException
</failure>
    <system-out><![CDATA[2019-02-01 10:46:33 TestBase:53 - Close WebDriver
2019-02-01 10:46:34 TestBase:45 - Method name: testFilterByCarEngineType
2019-02-01 10:46:34 TestBase:59 - Web driver was initialized
2019-02-01 10:46:41 HomePage:49 - Click on car market button
2019-02-01 10:46:43 AutoMarketPage:65 - Verify cars annoumcement list
2019-02-01 10:46:45 NamingUtils:47 - Could not process empty pattern
2019-02-01 10:46:45 AutoMarketPage:73 - Select [Р“Р°Р· (Р±РµРЅР·РёРЅ))] car in car filter
]]></system-out>
    <system-err><![CDATA[Starting ChromeDriver 72.0.3626.69 (3c16f8a135abc0d4da2dff33804db79b849a7c38) on port 20938
Only local connections are allowed.
Please protect ports used by ChromeDriver and related test frameworks to prevent access by malicious code.
Feb 01, 2019 10:46:36 AM org.openqa.selenium.remote.ProtocolHandshake createSession
INFO: Detected dialect: OSS
]]></system-err>
  </testcase>
  <testcase name="testFilterByCarEngineType" classname="com.onlinerautomation.test.CarMarketTest" time="2.123">
    <failure type="java.lang.ArrayIndexOutOfBoundsException">java.lang.ArrayIndexOutOfBoundsException
</failure>
    <system-out><![CDATA[2019-02-01 10:46:46 TestBase:53 - Close WebDriver
2019-02-01 10:46:47 TestBase:45 - Method name: testFilterByCarEngineType
2019-02-01 10:46:47 TestBase:59 - Web driver was initialized
2019-02-01 10:46:54 HomePage:49 - Click on car market button
2019-02-01 10:46:56 AutoMarketPage:65 - Verify cars annoumcement list
2019-02-01 10:46:57 NamingUtils:47 - Could not process empty pattern
2019-02-01 10:46:57 AutoMarketPage:73 - Select [Р“РёР±СЂРёРґ (Р±РµРЅР·РёРЅ)] car in car filter
]]></system-out>
    <system-err><![CDATA[Starting ChromeDriver 72.0.3626.69 (3c16f8a135abc0d4da2dff33804db79b849a7c38) on port 14323
Only local connections are allowed.
Please protect ports used by ChromeDriver and related test frameworks to prevent access by malicious code.
Feb 01, 2019 10:46:49 AM org.openqa.selenium.remote.ProtocolHandshake createSession
INFO: Detected dialect: OSS
]]></system-err>
  </testcase>
  <testcase name="testFilterByCarEngineType" classname="com.onlinerautomation.test.CarMarketTest" time="1.908">
    <failure type="java.lang.ArrayIndexOutOfBoundsException">java.lang.ArrayIndexOutOfBoundsException
</failure>
    <system-out><![CDATA[2019-02-01 10:46:58 TestBase:53 - Close WebDriver
2019-02-01 10:46:59 TestBase:45 - Method name: testFilterByCarEngineType
2019-02-01 10:46:59 TestBase:59 - Web driver was initialized
2019-02-01 10:47:06 HomePage:49 - Click on car market button
2019-02-01 10:47:09 AutoMarketPage:65 - Verify cars annoumcement list
2019-02-01 10:47:11 NamingUtils:47 - Could not process empty pattern
2019-02-01 10:47:11 AutoMarketPage:73 - Select [Р­Р»РµРєС‚СЂРѕРјРѕР±РёР»СЊ] car in car filter
]]></system-out>
    <system-err><![CDATA[Starting ChromeDriver 72.0.3626.69 (3c16f8a135abc0d4da2dff33804db79b849a7c38) on port 42737
Only local connections are allowed.
Please protect ports used by ChromeDriver and related test frameworks to prevent access by malicious code.
Feb 01, 2019 10:47:01 AM org.openqa.selenium.remote.ProtocolHandshake createSession
INFO: Detected dialect: OSS
]]></system-err>
  </testcase>
  <testcase name="testFilterByCarTransmissionType" classname="com.onlinerautomation.test.CarMarketTest" time="1.774">
    <failure type="java.lang.ArrayIndexOutOfBoundsException">java.lang.ArrayIndexOutOfBoundsException
</failure>
    <system-out><![CDATA[2019-02-01 10:47:11 TestBase:53 - Close WebDriver
2019-02-01 10:47:12 TestBase:45 - Method name: testFilterByCarTransmissionType
2019-02-01 10:47:12 TestBase:59 - Web driver was initialized
2019-02-01 10:47:20 HomePage:49 - Click on car market button
2019-02-01 10:47:23 AutoMarketPage:65 - Verify cars annoumcement list
2019-02-01 10:47:24 NamingUtils:47 - Could not process empty pattern
2019-02-01 10:47:24 AutoMarketPage:73 - Select [РђРІС‚РѕРјР°С‚РёС‡РµСЃРєР°СЏ] car in car filter
]]></system-out>
    <system-err><![CDATA[Starting ChromeDriver 72.0.3626.69 (3c16f8a135abc0d4da2dff33804db79b849a7c38) on port 12656
Only local connections are allowed.
Please protect ports used by ChromeDriver and related test frameworks to prevent access by malicious code.
Feb 01, 2019 10:47:15 AM org.openqa.selenium.remote.ProtocolHandshake createSession
INFO: Detected dialect: OSS
]]></system-err>
  </testcase>
  <testcase name="testFilterByCarTransmissionType" classname="com.onlinerautomation.test.CarMarketTest" time="2.003">
    <failure type="java.lang.ArrayIndexOutOfBoundsException">java.lang.ArrayIndexOutOfBoundsException
</failure>
    <system-out><![CDATA[2019-02-01 10:47:25 TestBase:53 - Close WebDriver
2019-02-01 10:47:26 TestBase:45 - Method name: testFilterByCarTransmissionType
2019-02-01 10:47:26 TestBase:59 - Web driver was initialized
2019-02-01 10:47:33 HomePage:49 - Click on car market button
2019-02-01 10:47:35 AutoMarketPage:65 - Verify cars annoumcement list
2019-02-01 10:47:37 NamingUtils:47 - Could not process empty pattern
2019-02-01 10:47:37 AutoMarketPage:73 - Select [РњРµС…Р°РЅРёС‡РµСЃРєР°СЏ] car in car filter
]]></system-out>
    <system-err><![CDATA[Starting ChromeDriver 72.0.3626.69 (3c16f8a135abc0d4da2dff33804db79b849a7c38) on port 28163
Only local connections are allowed.
Please protect ports used by ChromeDriver and related test frameworks to prevent access by malicious code.
Feb 01, 2019 10:47:29 AM org.openqa.selenium.remote.ProtocolHandshake createSession
INFO: Detected dialect: OSS
]]></system-err>
  </testcase>
  <testcase name="testOnlinerHomePage" classname="com.onlinerautomation.test.OnlinerHomePageTest" time="1.135"/>
  <testcase name="testOnlinerPositiveSearch" classname="com.onlinerautomation.test.SearchTest" time="12.822">
    <failure message="Product information is not correct: Lists differ at element [0]: Apple iPhone 7 32GB Black != Смартфон Apple iPhone 7 32GB Black expected [Apple iPhone 7 32GB Black] but found [Смартфон Apple iPhone 7 32GB Black]" type="java.lang.AssertionError">java.lang.AssertionError: Product information is not correct: Lists differ at element [0]: Apple iPhone 7 32GB Black != Смартфон Apple iPhone 7 32GB Black expected [Apple iPhone 7 32GB Black] but found [Смартфон Apple iPhone 7 32GB Black]
	at com.onlinerautomation.test.SearchTest.testOnlinerPositiveSearch(SearchTest.java:28)
</failure>
    <system-out><![CDATA[2019-02-01 10:47:45 TestBase:53 - Close WebDriver
2019-02-01 10:47:46 TestBase:45 - Method name: testOnlinerPositiveSearch
2019-02-01 10:47:46 TestBase:59 - Web driver was initialized
2019-02-01 10:47:52 HomePage:62 - Set data into search field
2019-02-01 10:47:54 HomePage:78 - Open first result from search
2019-02-01 10:48:04 ProductPage:35 - Verify product information
]]></system-out>
    <system-err><![CDATA[Starting ChromeDriver 72.0.3626.69 (3c16f8a135abc0d4da2dff33804db79b849a7c38) on port 34627
Only local connections are allowed.
Please protect ports used by ChromeDriver and related test frameworks to prevent access by malicious code.
Feb 01, 2019 10:47:49 AM org.openqa.selenium.remote.ProtocolHandshake createSession
INFO: Detected dialect: OSS
]]></system-err>
  </testcase>
  <testcase name="testProductPageElements" classname="com.onlinerautomation.test.SearchTest" time="6.708"/>
</testsuite>