<?xml version="1.0" encoding="UTF-8"?>
<testng-results skipped="0" failed="18" ignored="3" total="25" passed="4">
  <reporter-output>
  </reporter-output>
  <suite name="Smoke" duration-ms="313182" started-at="2019-01-31T11:41:12Z" finished-at="2019-01-31T11:46:26Z">
    <groups>
    </groups>
    <test name="Test" duration-ms="313182" started-at="2019-01-31T11:41:12Z" finished-at="2019-01-31T11:46:26Z">
      <class name="com.onlinerautomation.test.CarMarketTest">
        <test-method status="PASS" signature="initTestClass()[pri:0, instance:com.onlinerautomation.test.CarMarketTest@402f80f5]" name="initTestClass" is-config="true" duration-ms="1" started-at="2019-01-31T11:42:12Z" finished-at="2019-01-31T11:42:12Z">
          <reporter-output>
          </reporter-output>
        </test-method> <!-- initTestClass -->
        <test-method status="PASS" signature="prepareForTestMethod(java.lang.reflect.Method)[pri:0, instance:com.onlinerautomation.test.CarMarketTest@402f80f5]" name="prepareForTestMethod" is-config="true" duration-ms="6984" started-at="2019-01-31T11:42:12Z" finished-at="2019-01-31T11:42:19Z">
          <params>
            <param index="0">
              <value>
                <![CDATA[public void com.onlinerautomation.test.CarMarketTest.testFilterByCarBodyTypes(java.lang.String)]]>
              </value>
            </param>
          </params>
          <reporter-output>
          </reporter-output>
        </test-method> <!-- prepareForTestMethod -->
        <test-method status="PASS" signature="beforeMethod()[pri:0, instance:com.onlinerautomation.test.CarMarketTest@402f80f5]" name="beforeMethod" is-config="true" duration-ms="5568" started-at="2019-01-31T11:42:19Z" finished-at="2019-01-31T11:42:25Z">
          <reporter-output>
          </reporter-output>
        </test-method> <!-- beforeMethod -->
        <test-method status="FAIL" signature="testFilterByCarBodyTypes(java.lang.String)[pri:0, instance:com.onlinerautomation.test.CarMarketTest@402f80f5]" name="testFilterByCarBodyTypes" duration-ms="1478" started-at="2019-01-31T11:42:25Z" description="Select car by body type" data-provider="Filter by car body types" finished-at="2019-01-31T11:42:26Z">
          <params>
            <param index="0">
              <value>
                <![CDATA[РЎРµРґР°РЅ]]>
              </value>
            </param>
          </params>
          <exception class="java.lang.ArrayIndexOutOfBoundsException">
            <message>
              <![CDATA[-1]]>
            </message>
            <full-stacktrace>
              <![CDATA[java.lang.ArrayIndexOutOfBoundsException: -1
at java.util.ArrayList.elementData(ArrayList.java:422)
at java.util.ArrayList.get(ArrayList.java:435)
at sun.reflect.NativeMethodAccessorImpl.invoke0(Native Method)
at sun.reflect.NativeMethodAccessorImpl.invoke(NativeMethodAccessorImpl.java:62)
at sun.reflect.DelegatingMethodAccessorImpl.invoke(DelegatingMethodAccessorImpl.java:43)
at java.lang.reflect.Method.invoke(Method.java:498)
at org.openqa.selenium.support.pagefactory.internal.LocatingElementListHandler.invoke(LocatingElementListHandler.java:39)
at com.sun.proxy.$Proxy16.get(Unknown Source)
at com.onlinerautomation.page.LeftMenu.getCarType(LeftMenu.java:61)
at com.onlinerautomation.page.AutoMarketPage.setCarFilteryType_aroundBody2(AutoMarketPage.java:72)
at com.onlinerautomation.page.AutoMarketPage$AjcClosure3.run(AutoMarketPage.java:1)
at org.aspectj.runtime.reflect.JoinPointImpl.proceed(JoinPointImpl.java:149)
at io.qameta.allure.aspects.StepsAspects.step(StepsAspects.java:50)
at com.onlinerautomation.page.AutoMarketPage.setCarFilteryType(AutoMarketPage.java:71)
at com.onlinerautomation.test.CarMarketTest.testFilterByCarBodyTypes(CarMarketTest.java:27)
at sun.reflect.NativeMethodAccessorImpl.invoke0(Native Method)
at sun.reflect.NativeMethodAccessorImpl.invoke(NativeMethodAccessorImpl.java:62)
at sun.reflect.DelegatingMethodAccessorImpl.invoke(DelegatingMethodAccessorImpl.java:43)
at java.lang.reflect.Method.invoke(Method.java:498)
at org.testng.internal.MethodInvocationHelper.invokeMethod(MethodInvocationHelper.java:124)
at org.testng.internal.Invoker.invokeMethod(Invoker.java:580)
at org.testng.internal.Invoker.invokeTestMethod(Invoker.java:716)
at org.testng.internal.Invoker.invokeTestMethods(Invoker.java:988)
at org.testng.internal.TestMethodWorker.invokeTestMethods(TestMethodWorker.java:125)
at org.testng.internal.TestMethodWorker.run(TestMethodWorker.java:109)
at org.testng.TestRunner.privateRun(TestRunner.java:648)
at org.testng.TestRunner.run(TestRunner.java:505)
at org.testng.SuiteRunner.runTest(SuiteRunner.java:455)
at org.testng.SuiteRunner.runSequentially(SuiteRunner.java:450)
at org.testng.SuiteRunner.privateRun(SuiteRunner.java:415)
at org.testng.SuiteRunner.run(SuiteRunner.java:364)
at org.testng.SuiteRunnerWorker.runSuite(SuiteRunnerWorker.java:52)
at org.testng.SuiteRunnerWorker.run(SuiteRunnerWorker.java:84)
at org.testng.TestNG.runSuitesSequentially(TestNG.java:1208)
at org.testng.TestNG.runSuitesLocally(TestNG.java:1137)
at org.testng.TestNG.runSuites(TestNG.java:1049)
at org.testng.TestNG.run(TestNG.java:1017)
at org.apache.maven.surefire.testng.TestNGExecutor.run(TestNGExecutor.java:283)
at org.apache.maven.surefire.testng.TestNGXmlTestSuite.execute(TestNGXmlTestSuite.java:75)
at org.apache.maven.surefire.testng.TestNGProvider.invoke(TestNGProvider.java:120)
at org.apache.maven.surefire.booter.ForkedBooter.invokeProviderInSameClassLoader(ForkedBooter.java:379)
at org.apache.maven.surefire.booter.ForkedBooter.runSuitesInProcess(ForkedBooter.java:340)
at org.apache.maven.surefire.booter.ForkedBooter.execute(ForkedBooter.java:125)
at org.apache.maven.surefire.booter.ForkedBooter.main(ForkedBooter.java:413)
]]>
            </full-stacktrace>
          </exception> <!-- java.lang.ArrayIndexOutOfBoundsException -->
          <reporter-output>
          </reporter-output>
        </test-method> <!-- testFilterByCarBodyTypes -->
        <test-method status="PASS" signature="tearDown()[pri:0, instance:com.onlinerautomation.test.CarMarketTest@402f80f5]" name="tearDown" is-config="true" duration-ms="965" started-at="2019-01-31T11:42:27Z" finished-at="2019-01-31T11:42:28Z">
          <reporter-output>
          </reporter-output>
        </test-method> <!-- tearDown -->
        <test-method status="PASS" signature="prepareForTestMethod(java.lang.reflect.Method)[pri:0, instance:com.onlinerautomation.test.CarMarketTest@402f80f5]" name="prepareForTestMethod" is-config="true" duration-ms="5813" started-at="2019-01-31T11:42:28Z" finished-at="2019-01-31T11:42:34Z">
          <params>
            <param index="0">
              <value>
                <![CDATA[public void com.onlinerautomation.test.CarMarketTest.testFilterByCarBodyTypes(java.lang.String)]]>
              </value>
            </param>
          </params>
          <reporter-output>
          </reporter-output>
        </test-method> <!-- prepareForTestMethod -->
        <test-method status="PASS" signature="beforeMethod()[pri:0, instance:com.onlinerautomation.test.CarMarketTest@402f80f5]" name="beforeMethod" is-config="true" duration-ms="3447" started-at="2019-01-31T11:42:34Z" finished-at="2019-01-31T11:42:37Z">
          <reporter-output>
          </reporter-output>
        </test-method> <!-- beforeMethod -->
        <test-method status="FAIL" signature="testFilterByCarBodyTypes(java.lang.String)[pri:0, instance:com.onlinerautomation.test.CarMarketTest@402f80f5]" name="testFilterByCarBodyTypes" duration-ms="1443" started-at="2019-01-31T11:42:37Z" description="Select car by body type" data-provider="Filter by car body types" finished-at="2019-01-31T11:42:39Z">
          <params>
            <param index="0">
              <value>
                <![CDATA[РЈРЅРёРІРµСЂСЃР°Р»]]>
              </value>
            </param>
          </params>
          <exception class="java.lang.ArrayIndexOutOfBoundsException">
            <full-stacktrace>
              <![CDATA[java.lang.ArrayIndexOutOfBoundsException
]]>
            </full-stacktrace>
          </exception> <!-- java.lang.ArrayIndexOutOfBoundsException -->
          <reporter-output>
          </reporter-output>
        </test-method> <!-- testFilterByCarBodyTypes -->
        <test-method status="PASS" signature="tearDown()[pri:0, instance:com.onlinerautomation.test.CarMarketTest@402f80f5]" name="tearDown" is-config="true" duration-ms="953" started-at="2019-01-31T11:42:39Z" finished-at="2019-01-31T11:42:40Z">
          <reporter-output>
          </reporter-output>
        </test-method> <!-- tearDown -->
        <test-method status="PASS" signature="prepareForTestMethod(java.lang.reflect.Method)[pri:0, instance:com.onlinerautomation.test.CarMarketTest@402f80f5]" name="prepareForTestMethod" is-config="true" duration-ms="5993" started-at="2019-01-31T11:42:40Z" finished-at="2019-01-31T11:42:46Z">
          <params>
            <param index="0">
              <value>
                <![CDATA[public void com.onlinerautomation.test.CarMarketTest.testFilterByCarBodyTypes(java.lang.String)]]>
              </value>
            </param>
          </params>
          <reporter-output>
          </reporter-output>
        </test-method> <!-- prepareForTestMethod -->
        <test-method status="PASS" signature="beforeMethod()[pri:0, instance:com.onlinerautomation.test.CarMarketTest@402f80f5]" name="beforeMethod" is-config="true" duration-ms="3693" started-at="2019-01-31T11:42:46Z" finished-at="2019-01-31T11:42:50Z">
          <reporter-output>
          </reporter-output>
        </test-method> <!-- beforeMethod -->
        <test-method status="FAIL" signature="testFilterByCarBodyTypes(java.lang.String)[pri:0, instance:com.onlinerautomation.test.CarMarketTest@402f80f5]" name="testFilterByCarBodyTypes" duration-ms="1581" started-at="2019-01-31T11:42:50Z" description="Select car by body type" data-provider="Filter by car body types" finished-at="2019-01-31T11:42:51Z">
          <params>
            <param index="0">
              <value>
                <![CDATA[РҐРµС‚С‡Р±СЌРє]]>
              </value>
            </param>
          </params>
          <exception class="java.lang.ArrayIndexOutOfBoundsException">
            <full-stacktrace>
              <![CDATA[java.lang.ArrayIndexOutOfBoundsException
]]>
            </full-stacktrace>
          </exception> <!-- java.lang.ArrayIndexOutOfBoundsException -->
          <reporter-output>
          </reporter-output>
        </test-method> <!-- testFilterByCarBodyTypes -->
        <test-method status="PASS" signature="tearDown()[pri:0, instance:com.onlinerautomation.test.CarMarketTest@402f80f5]" name="tearDown" is-config="true" duration-ms="986" started-at="2019-01-31T11:42:52Z" finished-at="2019-01-31T11:42:53Z">
          <reporter-output>
          </reporter-output>
        </test-method> <!-- tearDown -->
        <test-method status="PASS" signature="prepareForTestMethod(java.lang.reflect.Method)[pri:0, instance:com.onlinerautomation.test.CarMarketTest@402f80f5]" name="prepareForTestMethod" is-config="true" duration-ms="5779" started-at="2019-01-31T11:42:53Z" finished-at="2019-01-31T11:42:59Z">
          <params>
            <param index="0">
              <value>
                <![CDATA[public void com.onlinerautomation.test.CarMarketTest.testFilterByCarBodyTypes(java.lang.String)]]>
              </value>
            </param>
          </params>
          <reporter-output>
          </reporter-output>
        </test-method> <!-- prepareForTestMethod -->
        <test-method status="PASS" signature="beforeMethod()[pri:0, instance:com.onlinerautomation.test.CarMarketTest@402f80f5]" name="beforeMethod" is-config="true" duration-ms="2882" started-at="2019-01-31T11:42:59Z" finished-at="2019-01-31T11:43:02Z">
          <reporter-output>
          </reporter-output>
        </test-method> <!-- beforeMethod -->
        <test-method status="FAIL" signature="testFilterByCarBodyTypes(java.lang.String)[pri:0, instance:com.onlinerautomation.test.CarMarketTest@402f80f5]" name="testFilterByCarBodyTypes" duration-ms="1479" started-at="2019-01-31T11:43:02Z" description="Select car by body type" data-provider="Filter by car body types" finished-at="2019-01-31T11:43:03Z">
          <params>
            <param index="0">
              <value>
                <![CDATA[РњРёРЅРёРІСЌРЅ]]>
              </value>
            </param>
          </params>
          <exception class="java.lang.ArrayIndexOutOfBoundsException">
            <full-stacktrace>
              <![CDATA[java.lang.ArrayIndexOutOfBoundsException
]]>
            </full-stacktrace>
          </exception> <!-- java.lang.ArrayIndexOutOfBoundsException -->
          <reporter-output>
          </reporter-output>
        </test-method> <!-- testFilterByCarBodyTypes -->
        <test-method status="PASS" signature="tearDown()[pri:0, instance:com.onlinerautomation.test.CarMarketTest@402f80f5]" name="tearDown" is-config="true" duration-ms="956" started-at="2019-01-31T11:43:04Z" finished-at="2019-01-31T11:43:05Z">
          <reporter-output>
          </reporter-output>
        </test-method> <!-- tearDown -->
        <test-method status="PASS" signature="prepareForTestMethod(java.lang.reflect.Method)[pri:0, instance:com.onlinerautomation.test.CarMarketTest@402f80f5]" name="prepareForTestMethod" is-config="true" duration-ms="5843" started-at="2019-01-31T11:43:05Z" finished-at="2019-01-31T11:43:11Z">
          <params>
            <param index="0">
              <value>
                <![CDATA[public void com.onlinerautomation.test.CarMarketTest.testFilterByCarBodyTypes(java.lang.String)]]>
              </value>
            </param>
          </params>
          <reporter-output>
          </reporter-output>
        </test-method> <!-- prepareForTestMethod -->
        <test-method status="PASS" signature="beforeMethod()[pri:0, instance:com.onlinerautomation.test.CarMarketTest@402f80f5]" name="beforeMethod" is-config="true" duration-ms="2586" started-at="2019-01-31T11:43:11Z" finished-at="2019-01-31T11:43:13Z">
          <reporter-output>
          </reporter-output>
        </test-method> <!-- beforeMethod -->
        <test-method status="FAIL" signature="testFilterByCarBodyTypes(java.lang.String)[pri:0, instance:com.onlinerautomation.test.CarMarketTest@402f80f5]" name="testFilterByCarBodyTypes" duration-ms="1598" started-at="2019-01-31T11:43:13Z" description="Select car by body type" data-provider="Filter by car body types" finished-at="2019-01-31T11:43:15Z">
          <params>
            <param index="0">
              <value>
                <![CDATA[Р’РЅРµРґРѕСЂРѕР¶РЅРёРє]]>
              </value>
            </param>
          </params>
          <exception class="java.lang.ArrayIndexOutOfBoundsException">
            <full-stacktrace>
              <![CDATA[java.lang.ArrayIndexOutOfBoundsException
]]>
            </full-stacktrace>
          </exception> <!-- java.lang.ArrayIndexOutOfBoundsException -->
          <reporter-output>
          </reporter-output>
        </test-method> <!-- testFilterByCarBodyTypes -->
        <test-method status="PASS" signature="tearDown()[pri:0, instance:com.onlinerautomation.test.CarMarketTest@402f80f5]" name="tearDown" is-config="true" duration-ms="1011" started-at="2019-01-31T11:43:16Z" finished-at="2019-01-31T11:43:17Z">
          <reporter-output>
          </reporter-output>
        </test-method> <!-- tearDown -->
        <test-method status="PASS" signature="prepareForTestMethod(java.lang.reflect.Method)[pri:0, instance:com.onlinerautomation.test.CarMarketTest@402f80f5]" name="prepareForTestMethod" is-config="true" duration-ms="5998" started-at="2019-01-31T11:43:17Z" finished-at="2019-01-31T11:43:23Z">
          <params>
            <param index="0">
              <value>
                <![CDATA[public void com.onlinerautomation.test.CarMarketTest.testFilterByCarBodyTypes(java.lang.String)]]>
              </value>
            </param>
          </params>
          <reporter-output>
          </reporter-output>
        </test-method> <!-- prepareForTestMethod -->
        <test-method status="PASS" signature="beforeMethod()[pri:0, instance:com.onlinerautomation.test.CarMarketTest@402f80f5]" name="beforeMethod" is-config="true" duration-ms="5076" started-at="2019-01-31T11:43:23Z" finished-at="2019-01-31T11:43:28Z">
          <reporter-output>
          </reporter-output>
        </test-method> <!-- beforeMethod -->
        <test-method status="FAIL" signature="testFilterByCarBodyTypes(java.lang.String)[pri:0, instance:com.onlinerautomation.test.CarMarketTest@402f80f5]" name="testFilterByCarBodyTypes" duration-ms="1488" started-at="2019-01-31T11:43:28Z" description="Select car by body type" data-provider="Filter by car body types" finished-at="2019-01-31T11:43:29Z">
          <params>
            <param index="0">
              <value>
                <![CDATA[РљСѓРїРµ]]>
              </value>
            </param>
          </params>
          <exception class="java.lang.ArrayIndexOutOfBoundsException">
            <full-stacktrace>
              <![CDATA[java.lang.ArrayIndexOutOfBoundsException
]]>
            </full-stacktrace>
          </exception> <!-- java.lang.ArrayIndexOutOfBoundsException -->
          <reporter-output>
          </reporter-output>
        </test-method> <!-- testFilterByCarBodyTypes -->
        <test-method status="PASS" signature="tearDown()[pri:0, instance:com.onlinerautomation.test.CarMarketTest@402f80f5]" name="tearDown" is-config="true" duration-ms="999" started-at="2019-01-31T11:43:30Z" finished-at="2019-01-31T11:43:31Z">
          <reporter-output>
          </reporter-output>
        </test-method> <!-- tearDown -->
        <test-method status="PASS" signature="prepareForTestMethod(java.lang.reflect.Method)[pri:0, instance:com.onlinerautomation.test.CarMarketTest@402f80f5]" name="prepareForTestMethod" is-config="true" duration-ms="6054" started-at="2019-01-31T11:43:31Z" finished-at="2019-01-31T11:43:37Z">
          <params>
            <param index="0">
              <value>
                <![CDATA[public void com.onlinerautomation.test.CarMarketTest.testFilterByCarBodyTypes(java.lang.String)]]>
              </value>
            </param>
          </params>
          <reporter-output>
          </reporter-output>
        </test-method> <!-- prepareForTestMethod -->
        <test-method status="PASS" signature="beforeMethod()[pri:0, instance:com.onlinerautomation.test.CarMarketTest@402f80f5]" name="beforeMethod" is-config="true" duration-ms="2608" started-at="2019-01-31T11:43:37Z" finished-at="2019-01-31T11:43:39Z">
          <reporter-output>
          </reporter-output>
        </test-method> <!-- beforeMethod -->
        <test-method status="FAIL" signature="testFilterByCarBodyTypes(java.lang.String)[pri:0, instance:com.onlinerautomation.test.CarMarketTest@402f80f5]" name="testFilterByCarBodyTypes" duration-ms="1869" started-at="2019-01-31T11:43:39Z" description="Select car by body type" data-provider="Filter by car body types" finished-at="2019-01-31T11:43:41Z">
          <params>
            <param index="0">
              <value>
                <![CDATA[РљР°Р±СЂРёРѕР»РµС‚]]>
              </value>
            </param>
          </params>
          <exception class="java.lang.ArrayIndexOutOfBoundsException">
            <full-stacktrace>
              <![CDATA[java.lang.ArrayIndexOutOfBoundsException
]]>
            </full-stacktrace>
          </exception> <!-- java.lang.ArrayIndexOutOfBoundsException -->
          <reporter-output>
          </reporter-output>
        </test-method> <!-- testFilterByCarBodyTypes -->
        <test-method status="PASS" signature="tearDown()[pri:0, instance:com.onlinerautomation.test.CarMarketTest@402f80f5]" name="tearDown" is-config="true" duration-ms="995" started-at="2019-01-31T11:43:42Z" finished-at="2019-01-31T11:43:43Z">
          <reporter-output>
          </reporter-output>
        </test-method> <!-- tearDown -->
        <test-method status="PASS" signature="prepareForTestMethod(java.lang.reflect.Method)[pri:0, instance:com.onlinerautomation.test.CarMarketTest@402f80f5]" name="prepareForTestMethod" is-config="true" duration-ms="5973" started-at="2019-01-31T11:43:43Z" finished-at="2019-01-31T11:43:49Z">
          <params>
            <param index="0">
              <value>
                <![CDATA[public void com.onlinerautomation.test.CarMarketTest.testFilterByCarBodyTypes(java.lang.String)]]>
              </value>
            </param>
          </params>
          <reporter-output>
          </reporter-output>
        </test-method> <!-- prepareForTestMethod -->
        <test-method status="PASS" signature="beforeMethod()[pri:0, instance:com.onlinerautomation.test.CarMarketTest@402f80f5]" name="beforeMethod" is-config="true" duration-ms="3775" started-at="2019-01-31T11:43:49Z" finished-at="2019-01-31T11:43:53Z">
          <reporter-output>
          </reporter-output>
        </test-method> <!-- beforeMethod -->
        <test-method status="FAIL" signature="testFilterByCarBodyTypes(java.lang.String)[pri:0, instance:com.onlinerautomation.test.CarMarketTest@402f80f5]" name="testFilterByCarBodyTypes" duration-ms="1678" started-at="2019-01-31T11:43:53Z" description="Select car by body type" data-provider="Filter by car body types" finished-at="2019-01-31T11:43:54Z">
          <params>
            <param index="0">
              <value>
                <![CDATA[РњРёРєСЂРѕР°РІС‚РѕР±СѓСЃ]]>
              </value>
            </param>
          </params>
          <exception class="java.lang.ArrayIndexOutOfBoundsException">
            <full-stacktrace>
              <![CDATA[java.lang.ArrayIndexOutOfBoundsException
]]>
            </full-stacktrace>
          </exception> <!-- java.lang.ArrayIndexOutOfBoundsException -->
          <reporter-output>
          </reporter-output>
        </test-method> <!-- testFilterByCarBodyTypes -->
        <test-method status="PASS" signature="tearDown()[pri:0, instance:com.onlinerautomation.test.CarMarketTest@402f80f5]" name="tearDown" is-config="true" duration-ms="948" started-at="2019-01-31T11:43:55Z" finished-at="2019-01-31T11:43:56Z">
          <reporter-output>
          </reporter-output>
        </test-method> <!-- tearDown -->
        <test-method status="PASS" signature="prepareForTestMethod(java.lang.reflect.Method)[pri:0, instance:com.onlinerautomation.test.CarMarketTest@402f80f5]" name="prepareForTestMethod" is-config="true" duration-ms="5816" started-at="2019-01-31T11:43:56Z" finished-at="2019-01-31T11:44:02Z">
          <params>
            <param index="0">
              <value>
                <![CDATA[public void com.onlinerautomation.test.CarMarketTest.testFilterByCarBodyTypes(java.lang.String)]]>
              </value>
            </param>
          </params>
          <reporter-output>
          </reporter-output>
        </test-method> <!-- prepareForTestMethod -->
        <test-method status="PASS" signature="beforeMethod()[pri:0, instance:com.onlinerautomation.test.CarMarketTest@402f80f5]" name="beforeMethod" is-config="true" duration-ms="3348" started-at="2019-01-31T11:44:02Z" finished-at="2019-01-31T11:44:05Z">
          <reporter-output>
          </reporter-output>
        </test-method> <!-- beforeMethod -->
        <test-method status="FAIL" signature="testFilterByCarBodyTypes(java.lang.String)[pri:0, instance:com.onlinerautomation.test.CarMarketTest@402f80f5]" name="testFilterByCarBodyTypes" duration-ms="2161" started-at="2019-01-31T11:44:05Z" description="Select car by body type" data-provider="Filter by car body types" finished-at="2019-01-31T11:44:07Z">
          <params>
            <param index="0">
              <value>
                <![CDATA[РџРёРєР°Рї]]>
              </value>
            </param>
          </params>
          <exception class="java.lang.ArrayIndexOutOfBoundsException">
            <full-stacktrace>
              <![CDATA[java.lang.ArrayIndexOutOfBoundsException
]]>
            </full-stacktrace>
          </exception> <!-- java.lang.ArrayIndexOutOfBoundsException -->
          <reporter-output>
          </reporter-output>
        </test-method> <!-- testFilterByCarBodyTypes -->
        <test-method status="PASS" signature="tearDown()[pri:0, instance:com.onlinerautomation.test.CarMarketTest@402f80f5]" name="tearDown" is-config="true" duration-ms="984" started-at="2019-01-31T11:44:08Z" finished-at="2019-01-31T11:44:09Z">
          <reporter-output>
          </reporter-output>
        </test-method> <!-- tearDown -->
        <test-method status="PASS" signature="prepareForTestMethod(java.lang.reflect.Method)[pri:0, instance:com.onlinerautomation.test.CarMarketTest@402f80f5]" name="prepareForTestMethod" is-config="true" duration-ms="6193" started-at="2019-01-31T11:44:09Z" finished-at="2019-01-31T11:44:15Z">
          <params>
            <param index="0">
              <value>
                <![CDATA[public void com.onlinerautomation.test.CarMarketTest.testFilterByCarBodyTypes(java.lang.String)]]>
              </value>
            </param>
          </params>
          <reporter-output>
          </reporter-output>
        </test-method> <!-- prepareForTestMethod -->
        <test-method status="PASS" signature="beforeMethod()[pri:0, instance:com.onlinerautomation.test.CarMarketTest@402f80f5]" name="beforeMethod" is-config="true" duration-ms="3668" started-at="2019-01-31T11:44:15Z" finished-at="2019-01-31T11:44:19Z">
          <reporter-output>
          </reporter-output>
        </test-method> <!-- beforeMethod -->
        <test-method status="FAIL" signature="testFilterByCarBodyTypes(java.lang.String)[pri:0, instance:com.onlinerautomation.test.CarMarketTest@402f80f5]" name="testFilterByCarBodyTypes" duration-ms="1916" started-at="2019-01-31T11:44:19Z" description="Select car by body type" data-provider="Filter by car body types" finished-at="2019-01-31T11:44:21Z">
          <params>
            <param index="0">
              <value>
                <![CDATA[Р¤СѓСЂРіРѕРЅ]]>
              </value>
            </param>
          </params>
          <exception class="java.lang.ArrayIndexOutOfBoundsException">
            <full-stacktrace>
              <![CDATA[java.lang.ArrayIndexOutOfBoundsException
]]>
            </full-stacktrace>
          </exception> <!-- java.lang.ArrayIndexOutOfBoundsException -->
          <reporter-output>
          </reporter-output>
        </test-method> <!-- testFilterByCarBodyTypes -->
        <test-method status="PASS" signature="tearDown()[pri:0, instance:com.onlinerautomation.test.CarMarketTest@402f80f5]" name="tearDown" is-config="true" duration-ms="1246" started-at="2019-01-31T11:44:21Z" finished-at="2019-01-31T11:44:23Z">
          <reporter-output>
          </reporter-output>
        </test-method> <!-- tearDown -->
        <test-method status="PASS" signature="prepareForTestMethod(java.lang.reflect.Method)[pri:0, instance:com.onlinerautomation.test.CarMarketTest@402f80f5]" name="prepareForTestMethod" is-config="true" duration-ms="6043" started-at="2019-01-31T11:44:23Z" finished-at="2019-01-31T11:44:29Z">
          <params>
            <param index="0">
              <value>
                <![CDATA[public void com.onlinerautomation.test.CarMarketTest.testFilterByCarEngineType(java.lang.String)]]>
              </value>
            </param>
          </params>
          <reporter-output>
          </reporter-output>
        </test-method> <!-- prepareForTestMethod -->
        <test-method status="PASS" signature="beforeMethod()[pri:0, instance:com.onlinerautomation.test.CarMarketTest@402f80f5]" name="beforeMethod" is-config="true" duration-ms="3832" started-at="2019-01-31T11:44:29Z" finished-at="2019-01-31T11:44:33Z">
          <reporter-output>
          </reporter-output>
        </test-method> <!-- beforeMethod -->
        <test-method status="FAIL" signature="testFilterByCarEngineType(java.lang.String)[pri:0, instance:com.onlinerautomation.test.CarMarketTest@402f80f5]" name="testFilterByCarEngineType" duration-ms="1442" started-at="2019-01-31T11:44:33Z" description="Select car by engine type" data-provider="Filter by engine&#039;s type" finished-at="2019-01-31T11:44:34Z">
          <params>
            <param index="0">
              <value>
                <![CDATA[Р‘РµРЅР·РёРЅ]]>
              </value>
            </param>
          </params>
          <exception class="java.lang.ArrayIndexOutOfBoundsException">
            <full-stacktrace>
              <![CDATA[java.lang.ArrayIndexOutOfBoundsException
]]>
            </full-stacktrace>
          </exception> <!-- java.lang.ArrayIndexOutOfBoundsException -->
          <reporter-output>
          </reporter-output>
        </test-method> <!-- testFilterByCarEngineType -->
        <test-method status="PASS" signature="tearDown()[pri:0, instance:com.onlinerautomation.test.CarMarketTest@402f80f5]" name="tearDown" is-config="true" duration-ms="958" started-at="2019-01-31T11:44:35Z" finished-at="2019-01-31T11:44:36Z">
          <reporter-output>
          </reporter-output>
        </test-method> <!-- tearDown -->
        <test-method status="PASS" signature="prepareForTestMethod(java.lang.reflect.Method)[pri:0, instance:com.onlinerautomation.test.CarMarketTest@402f80f5]" name="prepareForTestMethod" is-config="true" duration-ms="5782" started-at="2019-01-31T11:44:36Z" finished-at="2019-01-31T11:44:41Z">
          <params>
            <param index="0">
              <value>
                <![CDATA[public void com.onlinerautomation.test.CarMarketTest.testFilterByCarEngineType(java.lang.String)]]>
              </value>
            </param>
          </params>
          <reporter-output>
          </reporter-output>
        </test-method> <!-- prepareForTestMethod -->
        <test-method status="PASS" signature="beforeMethod()[pri:0, instance:com.onlinerautomation.test.CarMarketTest@402f80f5]" name="beforeMethod" is-config="true" duration-ms="2496" started-at="2019-01-31T11:44:41Z" finished-at="2019-01-31T11:44:44Z">
          <reporter-output>
          </reporter-output>
        </test-method> <!-- beforeMethod -->
        <test-method status="FAIL" signature="testFilterByCarEngineType(java.lang.String)[pri:0, instance:com.onlinerautomation.test.CarMarketTest@402f80f5]" name="testFilterByCarEngineType" duration-ms="2006" started-at="2019-01-31T11:44:44Z" description="Select car by engine type" data-provider="Filter by engine&#039;s type" finished-at="2019-01-31T11:44:46Z">
          <params>
            <param index="0">
              <value>
                <![CDATA[Р”РёР·РµР»СЊ]]>
              </value>
            </param>
          </params>
          <exception class="java.lang.ArrayIndexOutOfBoundsException">
            <full-stacktrace>
              <![CDATA[java.lang.ArrayIndexOutOfBoundsException
]]>
            </full-stacktrace>
          </exception> <!-- java.lang.ArrayIndexOutOfBoundsException -->
          <reporter-output>
          </reporter-output>
        </test-method> <!-- testFilterByCarEngineType -->
        <test-method status="PASS" signature="tearDown()[pri:0, instance:com.onlinerautomation.test.CarMarketTest@402f80f5]" name="tearDown" is-config="true" duration-ms="945" started-at="2019-01-31T11:44:47Z" finished-at="2019-01-31T11:44:47Z">
          <reporter-output>
          </reporter-output>
        </test-method> <!-- tearDown -->
        <test-method status="PASS" signature="prepareForTestMethod(java.lang.reflect.Method)[pri:0, instance:com.onlinerautomation.test.CarMarketTest@402f80f5]" name="prepareForTestMethod" is-config="true" duration-ms="5835" started-at="2019-01-31T11:44:47Z" finished-at="2019-01-31T11:44:53Z">
          <params>
            <param index="0">
              <value>
                <![CDATA[public void com.onlinerautomation.test.CarMarketTest.testFilterByCarEngineType(java.lang.String)]]>
              </value>
            </param>
          </params>
          <reporter-output>
          </reporter-output>
        </test-method> <!-- prepareForTestMethod -->
        <test-method status="PASS" signature="beforeMethod()[pri:0, instance:com.onlinerautomation.test.CarMarketTest@402f80f5]" name="beforeMethod" is-config="true" duration-ms="3157" started-at="2019-01-31T11:44:53Z" finished-at="2019-01-31T11:44:56Z">
          <reporter-output>
          </reporter-output>
        </test-method> <!-- beforeMethod -->
        <test-method status="FAIL" signature="testFilterByCarEngineType(java.lang.String)[pri:0, instance:com.onlinerautomation.test.CarMarketTest@402f80f5]" name="testFilterByCarEngineType" duration-ms="1926" started-at="2019-01-31T11:44:56Z" description="Select car by engine type" data-provider="Filter by engine&#039;s type" finished-at="2019-01-31T11:44:58Z">
          <params>
            <param index="0">
              <value>
                <![CDATA[Р“Р°Р· (Р±РµРЅР·РёРЅ)]]>
              </value>
            </param>
          </params>
          <exception class="java.lang.ArrayIndexOutOfBoundsException">
            <full-stacktrace>
              <![CDATA[java.lang.ArrayIndexOutOfBoundsException
]]>
            </full-stacktrace>
          </exception> <!-- java.lang.ArrayIndexOutOfBoundsException -->
          <reporter-output>
          </reporter-output>
        </test-method> <!-- testFilterByCarEngineType -->
        <test-method status="PASS" signature="tearDown()[pri:0, instance:com.onlinerautomation.test.CarMarketTest@402f80f5]" name="tearDown" is-config="true" duration-ms="924" started-at="2019-01-31T11:44:59Z" finished-at="2019-01-31T11:45:00Z">
          <reporter-output>
          </reporter-output>
        </test-method> <!-- tearDown -->
        <test-method status="PASS" signature="prepareForTestMethod(java.lang.reflect.Method)[pri:0, instance:com.onlinerautomation.test.CarMarketTest@402f80f5]" name="prepareForTestMethod" is-config="true" duration-ms="6221" started-at="2019-01-31T11:45:00Z" finished-at="2019-01-31T11:45:06Z">
          <params>
            <param index="0">
              <value>
                <![CDATA[public void com.onlinerautomation.test.CarMarketTest.testFilterByCarEngineType(java.lang.String)]]>
              </value>
            </param>
          </params>
          <reporter-output>
          </reporter-output>
        </test-method> <!-- prepareForTestMethod -->
        <test-method status="PASS" signature="beforeMethod()[pri:0, instance:com.onlinerautomation.test.CarMarketTest@402f80f5]" name="beforeMethod" is-config="true" duration-ms="4848" started-at="2019-01-31T11:45:06Z" finished-at="2019-01-31T11:45:11Z">
          <reporter-output>
          </reporter-output>
        </test-method> <!-- beforeMethod -->
        <test-method status="FAIL" signature="testFilterByCarEngineType(java.lang.String)[pri:0, instance:com.onlinerautomation.test.CarMarketTest@402f80f5]" name="testFilterByCarEngineType" duration-ms="1381" started-at="2019-01-31T11:45:11Z" description="Select car by engine type" data-provider="Filter by engine&#039;s type" finished-at="2019-01-31T11:45:12Z">
          <params>
            <param index="0">
              <value>
                <![CDATA[Р“РёР±СЂРёРґ (Р±РµРЅР·РёРЅ)]]>
              </value>
            </param>
          </params>
          <exception class="java.lang.ArrayIndexOutOfBoundsException">
            <full-stacktrace>
              <![CDATA[java.lang.ArrayIndexOutOfBoundsException
]]>
            </full-stacktrace>
          </exception> <!-- java.lang.ArrayIndexOutOfBoundsException -->
          <reporter-output>
          </reporter-output>
        </test-method> <!-- testFilterByCarEngineType -->
        <test-method status="PASS" signature="tearDown()[pri:0, instance:com.onlinerautomation.test.CarMarketTest@402f80f5]" name="tearDown" is-config="true" duration-ms="961" started-at="2019-01-31T11:45:13Z" finished-at="2019-01-31T11:45:14Z">
          <reporter-output>
          </reporter-output>
        </test-method> <!-- tearDown -->
        <test-method status="PASS" signature="prepareForTestMethod(java.lang.reflect.Method)[pri:0, instance:com.onlinerautomation.test.CarMarketTest@402f80f5]" name="prepareForTestMethod" is-config="true" duration-ms="6127" started-at="2019-01-31T11:45:14Z" finished-at="2019-01-31T11:45:20Z">
          <params>
            <param index="0">
              <value>
                <![CDATA[public void com.onlinerautomation.test.CarMarketTest.testFilterByCarEngineType(java.lang.String)]]>
              </value>
            </param>
          </params>
          <reporter-output>
          </reporter-output>
        </test-method> <!-- prepareForTestMethod -->
        <test-method status="PASS" signature="beforeMethod()[pri:0, instance:com.onlinerautomation.test.CarMarketTest@402f80f5]" name="beforeMethod" is-config="true" duration-ms="3166" started-at="2019-01-31T11:45:20Z" finished-at="2019-01-31T11:45:23Z">
          <reporter-output>
          </reporter-output>
        </test-method> <!-- beforeMethod -->
        <test-method status="FAIL" signature="testFilterByCarEngineType(java.lang.String)[pri:0, instance:com.onlinerautomation.test.CarMarketTest@402f80f5]" name="testFilterByCarEngineType" duration-ms="1587" started-at="2019-01-31T11:45:23Z" description="Select car by engine type" data-provider="Filter by engine&#039;s type" finished-at="2019-01-31T11:45:25Z">
          <params>
            <param index="0">
              <value>
                <![CDATA[Р­Р»РµРєС‚СЂРѕРјРѕР±РёР»СЊ]]>
              </value>
            </param>
          </params>
          <exception class="java.lang.ArrayIndexOutOfBoundsException">
            <full-stacktrace>
              <![CDATA[java.lang.ArrayIndexOutOfBoundsException
]]>
            </full-stacktrace>
          </exception> <!-- java.lang.ArrayIndexOutOfBoundsException -->
          <reporter-output>
          </reporter-output>
        </test-method> <!-- testFilterByCarEngineType -->
        <test-method status="PASS" signature="tearDown()[pri:0, instance:com.onlinerautomation.test.CarMarketTest@402f80f5]" name="tearDown" is-config="true" duration-ms="895" started-at="2019-01-31T11:45:25Z" finished-at="2019-01-31T11:45:26Z">
          <reporter-output>
          </reporter-output>
        </test-method> <!-- tearDown -->
        <test-method status="PASS" signature="prepareForTestMethod(java.lang.reflect.Method)[pri:0, instance:com.onlinerautomation.test.CarMarketTest@402f80f5]" name="prepareForTestMethod" is-config="true" duration-ms="5870" started-at="2019-01-31T11:45:26Z" finished-at="2019-01-31T11:45:32Z">
          <params>
            <param index="0">
              <value>
                <![CDATA[public void com.onlinerautomation.test.CarMarketTest.testFilterByCarTransmissionType(java.lang.String)]]>
              </value>
            </param>
          </params>
          <reporter-output>
          </reporter-output>
        </test-method> <!-- prepareForTestMethod -->
        <test-method status="PASS" signature="beforeMethod()[pri:0, instance:com.onlinerautomation.test.CarMarketTest@402f80f5]" name="beforeMethod" is-config="true" duration-ms="3399" started-at="2019-01-31T11:45:32Z" finished-at="2019-01-31T11:45:36Z">
          <reporter-output>
          </reporter-output>
        </test-method> <!-- beforeMethod -->
        <test-method status="FAIL" signature="testFilterByCarTransmissionType(java.lang.String)[pri:0, instance:com.onlinerautomation.test.CarMarketTest@402f80f5]" name="testFilterByCarTransmissionType" duration-ms="1421" started-at="2019-01-31T11:45:36Z" description="Select car by transmission type" data-provider="Filter by transmission type" finished-at="2019-01-31T11:45:37Z">
          <params>
            <param index="0">
              <value>
                <![CDATA[РђРІС‚РѕРјР°С‚РёС‡РµСЃРєР°СЏ]]>
              </value>
            </param>
          </params>
          <exception class="java.lang.ArrayIndexOutOfBoundsException">
            <full-stacktrace>
              <![CDATA[java.lang.ArrayIndexOutOfBoundsException
]]>
            </full-stacktrace>
          </exception> <!-- java.lang.ArrayIndexOutOfBoundsException -->
          <reporter-output>
          </reporter-output>
        </test-method> <!-- testFilterByCarTransmissionType -->
        <test-method status="PASS" signature="tearDown()[pri:0, instance:com.onlinerautomation.test.CarMarketTest@402f80f5]" name="tearDown" is-config="true" duration-ms="937" started-at="2019-01-31T11:45:38Z" finished-at="2019-01-31T11:45:39Z">
          <reporter-output>
          </reporter-output>
        </test-method> <!-- tearDown -->
        <test-method status="PASS" signature="prepareForTestMethod(java.lang.reflect.Method)[pri:0, instance:com.onlinerautomation.test.CarMarketTest@402f80f5]" name="prepareForTestMethod" is-config="true" duration-ms="5808" started-at="2019-01-31T11:45:39Z" finished-at="2019-01-31T11:45:44Z">
          <params>
            <param index="0">
              <value>
                <![CDATA[public void com.onlinerautomation.test.CarMarketTest.testFilterByCarTransmissionType(java.lang.String)]]>
              </value>
            </param>
          </params>
          <reporter-output>
          </reporter-output>
        </test-method> <!-- prepareForTestMethod -->
        <test-method status="PASS" signature="beforeMethod()[pri:0, instance:com.onlinerautomation.test.CarMarketTest@402f80f5]" name="beforeMethod" is-config="true" duration-ms="2456" started-at="2019-01-31T11:45:45Z" finished-at="2019-01-31T11:45:47Z">
          <reporter-output>
          </reporter-output>
        </test-method> <!-- beforeMethod -->
        <test-method status="FAIL" signature="testFilterByCarTransmissionType(java.lang.String)[pri:0, instance:com.onlinerautomation.test.CarMarketTest@402f80f5]" name="testFilterByCarTransmissionType" duration-ms="1983" started-at="2019-01-31T11:45:47Z" description="Select car by transmission type" data-provider="Filter by transmission type" finished-at="2019-01-31T11:45:49Z">
          <params>
            <param index="0">
              <value>
                <![CDATA[РњРµС…Р°РЅРёС‡РµСЃРєР°СЏ]]>
              </value>
            </param>
          </params>
          <exception class="java.lang.ArrayIndexOutOfBoundsException">
            <full-stacktrace>
              <![CDATA[java.lang.ArrayIndexOutOfBoundsException
]]>
            </full-stacktrace>
          </exception> <!-- java.lang.ArrayIndexOutOfBoundsException -->
          <reporter-output>
          </reporter-output>
        </test-method> <!-- testFilterByCarTransmissionType -->
        <test-method status="PASS" signature="tearDown()[pri:0, instance:com.onlinerautomation.test.CarMarketTest@402f80f5]" name="tearDown" is-config="true" duration-ms="916" started-at="2019-01-31T11:45:50Z" finished-at="2019-01-31T11:45:50Z">
          <reporter-output>
          </reporter-output>
        </test-method> <!-- tearDown -->
      </class> <!-- com.onlinerautomation.test.CarMarketTest -->
      <class name="com.onlinerautomation.test.CarAnnouncementTest">
        <test-method status="PASS" signature="initTestSuite()[pri:0, instance:com.onlinerautomation.test.CarAnnouncementTest@5ed190be]" name="initTestSuite" is-config="true" duration-ms="2448" started-at="2019-01-31T11:41:10Z" finished-at="2019-01-31T11:41:12Z">
          <reporter-output>
          </reporter-output>
        </test-method> <!-- initTestSuite -->
        <test-method status="PASS" signature="initTestClass()[pri:0, instance:com.onlinerautomation.test.CarAnnouncementTest@5ed190be]" name="initTestClass" is-config="true" duration-ms="1" started-at="2019-01-31T11:41:12Z" finished-at="2019-01-31T11:41:12Z">
          <reporter-output>
          </reporter-output>
        </test-method> <!-- initTestClass -->
        <test-method status="PASS" signature="prepareForTestMethod(java.lang.reflect.Method)[pri:0, instance:com.onlinerautomation.test.CarAnnouncementTest@5ed190be]" name="prepareForTestMethod" is-config="true" duration-ms="7306" started-at="2019-01-31T11:41:12Z" finished-at="2019-01-31T11:41:20Z">
          <params>
            <param index="0">
              <value>
                <![CDATA[public void com.onlinerautomation.test.CarAnnouncementTest.testComparePreviewAndOpenedAnnouncementData()]]>
              </value>
            </param>
          </params>
          <reporter-output>
          </reporter-output>
        </test-method> <!-- prepareForTestMethod -->
        <test-method status="PASS" signature="beforeMethod()[pri:0, instance:com.onlinerautomation.test.CarAnnouncementTest@5ed190be]" name="beforeMethod" is-config="true" duration-ms="3877" started-at="2019-01-31T11:41:20Z" finished-at="2019-01-31T11:41:24Z">
          <reporter-output>
          </reporter-output>
        </test-method> <!-- beforeMethod -->
        <test-method status="PASS" signature="testComparePreviewAndOpenedAnnouncementData()[pri:0, instance:com.onlinerautomation.test.CarAnnouncementTest@5ed190be]" name="testComparePreviewAndOpenedAnnouncementData" duration-ms="27593" started-at="2019-01-31T11:41:24Z" description="Compare preview data with opened announcement data" finished-at="2019-01-31T11:41:51Z">
          <reporter-output>
          </reporter-output>
        </test-method> <!-- testComparePreviewAndOpenedAnnouncementData -->
        <test-method status="PASS" signature="tearDown()[pri:0, instance:com.onlinerautomation.test.CarAnnouncementTest@5ed190be]" name="tearDown" is-config="true" duration-ms="1014" started-at="2019-01-31T11:41:51Z" finished-at="2019-01-31T11:41:52Z">
          <reporter-output>
          </reporter-output>
        </test-method> <!-- tearDown -->
        <test-method status="PASS" signature="prepareForTestMethod(java.lang.reflect.Method)[pri:0, instance:com.onlinerautomation.test.CarAnnouncementTest@5ed190be]" name="prepareForTestMethod" is-config="true" duration-ms="6195" started-at="2019-01-31T11:41:52Z" finished-at="2019-01-31T11:41:59Z">
          <params>
            <param index="0">
              <value>
                <![CDATA[public void com.onlinerautomation.test.CarAnnouncementTest.testVerifyPageElements()]]>
              </value>
            </param>
          </params>
          <reporter-output>
          </reporter-output>
        </test-method> <!-- prepareForTestMethod -->
        <test-method status="PASS" signature="beforeMethod()[pri:0, instance:com.onlinerautomation.test.CarAnnouncementTest@5ed190be]" name="beforeMethod" is-config="true" duration-ms="5436" started-at="2019-01-31T11:41:59Z" finished-at="2019-01-31T11:42:04Z">
          <reporter-output>
          </reporter-output>
        </test-method> <!-- beforeMethod -->
        <test-method status="PASS" signature="testVerifyPageElements()[pri:0, instance:com.onlinerautomation.test.CarAnnouncementTest@5ed190be]" name="testVerifyPageElements" duration-ms="7132" started-at="2019-01-31T11:42:04Z" description="Verify car announcement elements" finished-at="2019-01-31T11:42:11Z">
          <reporter-output>
          </reporter-output>
        </test-method> <!-- testVerifyPageElements -->
        <test-method status="PASS" signature="tearDown()[pri:0, instance:com.onlinerautomation.test.CarAnnouncementTest@5ed190be]" name="tearDown" is-config="true" duration-ms="1118" started-at="2019-01-31T11:42:11Z" finished-at="2019-01-31T11:42:12Z">
          <reporter-output>
          </reporter-output>
        </test-method> <!-- tearDown -->
      </class> <!-- com.onlinerautomation.test.CarAnnouncementTest -->
      <class name="com.onlinerautomation.test.OnlinerHomePageTest">
        <test-method status="PASS" signature="initTestClass()[pri:0, instance:com.onlinerautomation.test.OnlinerHomePageTest@5bbc9f97]" name="initTestClass" is-config="true" duration-ms="0" started-at="2019-01-31T11:45:50Z" finished-at="2019-01-31T11:45:50Z">
          <reporter-output>
          </reporter-output>
        </test-method> <!-- initTestClass -->
        <test-method status="PASS" signature="prepareForTestMethod(java.lang.reflect.Method)[pri:0, instance:com.onlinerautomation.test.OnlinerHomePageTest@5bbc9f97]" name="prepareForTestMethod" is-config="true" duration-ms="5656" started-at="2019-01-31T11:45:50Z" finished-at="2019-01-31T11:45:56Z">
          <params>
            <param index="0">
              <value>
                <![CDATA[public void com.onlinerautomation.test.OnlinerHomePageTest.testOnlinerHomePage()]]>
              </value>
            </param>
          </params>
          <reporter-output>
          </reporter-output>
        </test-method> <!-- prepareForTestMethod -->
        <test-method status="PASS" signature="testOnlinerHomePage()[pri:0, instance:com.onlinerautomation.test.OnlinerHomePageTest@5bbc9f97]" name="testOnlinerHomePage" duration-ms="1166" started-at="2019-01-31T11:45:56Z" finished-at="2019-01-31T11:45:57Z">
          <reporter-output>
          </reporter-output>
        </test-method> <!-- testOnlinerHomePage -->
        <test-method status="PASS" signature="tearDown()[pri:0, instance:com.onlinerautomation.test.OnlinerHomePageTest@5bbc9f97]" name="tearDown" is-config="true" duration-ms="829" started-at="2019-01-31T11:45:57Z" finished-at="2019-01-31T11:45:58Z">
          <reporter-output>
          </reporter-output>
        </test-method> <!-- tearDown -->
      </class> <!-- com.onlinerautomation.test.OnlinerHomePageTest -->
      <class name="com.onlinerautomation.test.SearchTest">
        <test-method status="PASS" signature="initTestClass()[pri:0, instance:com.onlinerautomation.test.SearchTest@133e019b]" name="initTestClass" is-config="true" duration-ms="1" started-at="2019-01-31T11:45:58Z" finished-at="2019-01-31T11:45:58Z">
          <reporter-output>
          </reporter-output>
        </test-method> <!-- initTestClass -->
        <test-method status="PASS" signature="prepareForTestMethod(java.lang.reflect.Method)[pri:0, instance:com.onlinerautomation.test.SearchTest@133e019b]" name="prepareForTestMethod" is-config="true" duration-ms="5775" started-at="2019-01-31T11:45:58Z" finished-at="2019-01-31T11:46:04Z">
          <params>
            <param index="0">
              <value>
                <![CDATA[public void com.onlinerautomation.test.SearchTest.testOnlinerPositiveSearch()]]>
              </value>
            </param>
          </params>
          <reporter-output>
          </reporter-output>
        </test-method> <!-- prepareForTestMethod -->
        <test-method status="PASS" signature="beforeMethod()[pri:0, instance:com.onlinerautomation.test.SearchTest@133e019b]" name="beforeMethod" is-config="true" duration-ms="12" started-at="2019-01-31T11:46:04Z" finished-at="2019-01-31T11:46:04Z">
          <reporter-output>
          </reporter-output>
        </test-method> <!-- beforeMethod -->
        <test-method status="FAIL" signature="testOnlinerPositiveSearch()[pri:0, instance:com.onlinerautomation.test.SearchTest@133e019b]" name="testOnlinerPositiveSearch" duration-ms="7149" started-at="2019-01-31T11:46:04Z" description="Search product in catalog" finished-at="2019-01-31T11:46:11Z">
          <exception class="java.lang.AssertionError">
            <message>
              <![CDATA[Product information is not correct: Lists differ at element [0]: Apple iPhone 7 32GB Black != Смартфон Apple iPhone 7 32GB Black expected [Apple iPhone 7 32GB Black] but found [Смартфон Apple iPhone 7 32GB Black]]]>
            </message>
            <full-stacktrace>
              <![CDATA[java.lang.AssertionError: Product information is not correct: Lists differ at element [0]: Apple iPhone 7 32GB Black != Смартфон Apple iPhone 7 32GB Black expected [Apple iPhone 7 32GB Black] but found [Смартфон Apple iPhone 7 32GB Black]
at org.testng.Assert.fail(Assert.java:96)
at org.testng.Assert.failNotEquals(Assert.java:776)
at org.testng.Assert.assertEqualsImpl(Assert.java:137)
at org.testng.Assert.assertEquals(Assert.java:831)
at com.onlinerautomation.page.ProductPage.verifyProductInfo_aroundBody0(ProductPage.java:34)
at com.onlinerautomation.page.ProductPage$AjcClosure1.run(ProductPage.java:1)
at org.aspectj.runtime.reflect.JoinPointImpl.proceed(JoinPointImpl.java:149)
at io.qameta.allure.aspects.StepsAspects.step(StepsAspects.java:50)
at com.onlinerautomation.page.ProductPage.verifyProductInfo(ProductPage.java:32)
at com.onlinerautomation.test.SearchTest.testOnlinerPositiveSearch(SearchTest.java:28)
at sun.reflect.NativeMethodAccessorImpl.invoke0(Native Method)
at sun.reflect.NativeMethodAccessorImpl.invoke(NativeMethodAccessorImpl.java:62)
at sun.reflect.DelegatingMethodAccessorImpl.invoke(DelegatingMethodAccessorImpl.java:43)
at java.lang.reflect.Method.invoke(Method.java:498)
at org.testng.internal.MethodInvocationHelper.invokeMethod(MethodInvocationHelper.java:124)
at org.testng.internal.Invoker.invokeMethod(Invoker.java:580)
at org.testng.internal.Invoker.invokeTestMethod(Invoker.java:716)
at org.testng.internal.Invoker.invokeTestMethods(Invoker.java:988)
at org.testng.internal.TestMethodWorker.invokeTestMethods(TestMethodWorker.java:125)
at org.testng.internal.TestMethodWorker.run(TestMethodWorker.java:109)
at org.testng.TestRunner.privateRun(TestRunner.java:648)
at org.testng.TestRunner.run(TestRunner.java:505)
at org.testng.SuiteRunner.runTest(SuiteRunner.java:455)
at org.testng.SuiteRunner.runSequentially(SuiteRunner.java:450)
at org.testng.SuiteRunner.privateRun(SuiteRunner.java:415)
at org.testng.SuiteRunner.run(SuiteRunner.java:364)
at org.testng.SuiteRunnerWorker.runSuite(SuiteRunnerWorker.java:52)
at org.testng.SuiteRunnerWorker.run(SuiteRunnerWorker.java:84)
at org.testng.TestNG.runSuitesSequentially(TestNG.java:1208)
at org.testng.TestNG.runSuitesLocally(TestNG.java:1137)
at org.testng.TestNG.runSuites(TestNG.java:1049)
at org.testng.TestNG.run(TestNG.java:1017)
at org.apache.maven.surefire.testng.TestNGExecutor.run(TestNGExecutor.java:283)
at org.apache.maven.surefire.testng.TestNGXmlTestSuite.execute(TestNGXmlTestSuite.java:75)
at org.apache.maven.surefire.testng.TestNGProvider.invoke(TestNGProvider.java:120)
at org.apache.maven.surefire.booter.ForkedBooter.invokeProviderInSameClassLoader(ForkedBooter.java:379)
at org.apache.maven.surefire.booter.ForkedBooter.runSuitesInProcess(ForkedBooter.java:340)
at org.apache.maven.surefire.booter.ForkedBooter.execute(ForkedBooter.java:125)
at org.apache.maven.surefire.booter.ForkedBooter.main(ForkedBooter.java:413)
]]>
            </full-stacktrace>
          </exception> <!-- java.lang.AssertionError -->
          <reporter-output>
          </reporter-output>
        </test-method> <!-- testOnlinerPositiveSearch -->
        <test-method status="PASS" signature="tearDown()[pri:0, instance:com.onlinerautomation.test.SearchTest@133e019b]" name="tearDown" is-config="true" duration-ms="934" started-at="2019-01-31T11:46:12Z" finished-at="2019-01-31T11:46:13Z">
          <reporter-output>
          </reporter-output>
        </test-method> <!-- tearDown -->
        <test-method status="PASS" signature="prepareForTestMethod(java.lang.reflect.Method)[pri:0, instance:com.onlinerautomation.test.SearchTest@133e019b]" name="prepareForTestMethod" is-config="true" duration-ms="5893" started-at="2019-01-31T11:46:13Z" finished-at="2019-01-31T11:46:18Z">
          <params>
            <param index="0">
              <value>
                <![CDATA[public void com.onlinerautomation.test.SearchTest.testProductPageElements()]]>
              </value>
            </param>
          </params>
          <reporter-output>
          </reporter-output>
        </test-method> <!-- prepareForTestMethod -->
        <test-method status="PASS" signature="beforeMethod()[pri:0, instance:com.onlinerautomation.test.SearchTest@133e019b]" name="beforeMethod" is-config="true" duration-ms="0" started-at="2019-01-31T11:46:18Z" finished-at="2019-01-31T11:46:18Z">
          <reporter-output>
          </reporter-output>
        </test-method> <!-- beforeMethod -->
        <test-method status="PASS" signature="testProductPageElements()[pri:0, instance:com.onlinerautomation.test.SearchTest@133e019b]" name="testProductPageElements" duration-ms="6151" started-at="2019-01-31T11:46:18Z" description="Verify product page elements" finished-at="2019-01-31T11:46:25Z">
          <reporter-output>
          </reporter-output>
        </test-method> <!-- testProductPageElements -->
        <test-method status="PASS" signature="tearDown()[pri:0, instance:com.onlinerautomation.test.SearchTest@133e019b]" name="tearDown" is-config="true" duration-ms="927" started-at="2019-01-31T11:46:25Z" finished-at="2019-01-31T11:46:26Z">
          <reporter-output>
          </reporter-output>
        </test-method> <!-- tearDown -->
      </class> <!-- com.onlinerautomation.test.SearchTest -->
    </test> <!-- Test -->
  </suite> <!-- Smoke -->
</testng-results>
