-------------------------------------------------------------------------------
Test set: TestSuite
-------------------------------------------------------------------------------
Tests run: 22, Failures: 18, Errors: 0, Skipped: 0, Time elapsed: 305.125 s <<< FAILURE! - in TestSuite
testFilterByCarBodyTypes(com.onlinerautomation.test.CarMarketTest)  Time elapsed: 2.506 s  <<< FAILURE!
java.lang.ArrayIndexOutOfBoundsException: -1
	at com.onlinerautomation.test.CarMarketTest.testFilterByCarBodyTypes(CarMarketTest.java:27)

testFilterByCarBodyTypes(com.onlinerautomation.test.CarMarketTest)  Time elapsed: 2.088 s  <<< FAILURE!
java.lang.ArrayIndexOutOfBoundsException

testFilterByCarBodyTypes(com.onlinerautomation.test.CarMarketTest)  Time elapsed: 2.024 s  <<< FAILURE!
java.lang.ArrayIndexOutOfBoundsException

testFilterByCarBodyTypes(com.onlinerautomation.test.CarMarketTest)  Time elapsed: 2.524 s  <<< FAILURE!
java.lang.ArrayIndexOutOfBoundsException

testFilterByCarBodyTypes(com.onlinerautomation.test.CarMarketTest)  Time elapsed: 2.029 s  <<< FAILURE!
java.lang.ArrayIndexOutOfBoundsException

testFilterByCarBodyTypes(com.onlinerautomation.test.CarMarketTest)  Time elapsed: 2.392 s  <<< FAILURE!
java.lang.ArrayIndexOutOfBoundsException

testFilterByCarBodyTypes(com.onlinerautomation.test.CarMarketTest)  Time elapsed: 2.525 s  <<< FAILURE!
java.lang.ArrayIndexOutOfBoundsException

testFilterByCarBodyTypes(com.onlinerautomation.test.CarMarketTest)  Time elapsed: 2.48 s  <<< FAILURE!
java.lang.ArrayIndexOutOfBoundsException

testFilterByCarBodyTypes(com.onlinerautomation.test.CarMarketTest)  Time elapsed: 2.458 s  <<< FAILURE!
java.lang.ArrayIndexOutOfBoundsException

testFilterByCarBodyTypes(com.onlinerautomation.test.CarMarketTest)  Time elapsed: 2.665 s  <<< FAILURE!
java.lang.ArrayIndexOutOfBoundsException

testFilterByCarEngineType(com.onlinerautomation.test.CarMarketTest)  Time elapsed: 2.261 s  <<< FAILURE!
java.lang.ArrayIndexOutOfBoundsException

testFilterByCarEngineType(com.onlinerautomation.test.CarMarketTest)  Time elapsed: 2.306 s  <<< FAILURE!
java.lang.ArrayIndexOutOfBoundsException

testFilterByCarEngineType(com.onlinerautomation.test.CarMarketTest)  Time elapsed: 2.323 s  <<< FAILURE!
java.lang.ArrayIndexOutOfBoundsException

testFilterByCarEngineType(com.onlinerautomation.test.CarMarketTest)  Time elapsed: 2.123 s  <<< FAILURE!
java.lang.ArrayIndexOutOfBoundsException

testFilterByCarEngineType(com.onlinerautomation.test.CarMarketTest)  Time elapsed: 1.908 s  <<< FAILURE!
java.lang.ArrayIndexOutOfBoundsException

testFilterByCarTransmissionType(com.onlinerautomation.test.CarMarketTest)  Time elapsed: 1.774 s  <<< FAILURE!
java.lang.ArrayIndexOutOfBoundsException

testFilterByCarTransmissionType(com.onlinerautomation.test.CarMarketTest)  Time elapsed: 2.003 s  <<< FAILURE!
java.lang.ArrayIndexOutOfBoundsException

testOnlinerPositiveSearch(com.onlinerautomation.test.SearchTest)  Time elapsed: 12.822 s  <<< FAILURE!
java.lang.AssertionError: Product information is not correct: Lists differ at element [0]: Apple iPhone 7 32GB Black != Смартфон Apple iPhone 7 32GB Black expected [Apple iPhone 7 32GB Black] but found [Смартфон Apple iPhone 7 32GB Black]
	at com.onlinerautomation.test.SearchTest.testOnlinerPositiveSearch(SearchTest.java:28)

