<?xml version="1.0" encoding="UTF-8"?>
<testsuite xmlns:xsi="http://www.w3.org/2001/XMLSchema-instance" xsi:noNamespaceSchemaLocation="https://maven.apache.org/surefire/maven-surefire-plugin/xsd/surefire-test-report.xsd" name="TestSuite" time="318.68" tests="22" errors="0" skipped="0" failures="18">
  <properties>
[...]
</properties>
  <testcase name="testComparePreviewAndOpenedAnnouncementData" classname="com.onlinerautomation.test.CarAnnouncementTest" time="27.561"/>
  <testcase name="testVerifyPageElements" classname="com.onlinerautomation.test.CarAnnouncementTest" time="7.134"/>
  <testcase name="testFilterByCarBodyTypes" classname="com.onlinerautomation.test.CarMarketTest" time="2.096">
    <failure message="-1" type="java.lang.ArrayIndexOutOfBoundsException">java.lang.ArrayIndexOutOfBoundsException: -1
	at com.onlinerautomation.test.CarMarketTest.testFilterByCarBodyTypes(CarMarketTest.java:27)
</failure>
    <system-out><![CDATA[2019-01-31 14:42:11 CarAnnouncementTest:57 - Close WebDriver
2019-01-31 14:42:12 CarMarketTest:44 - Initialize test class
2019-01-31 14:42:12 CarMarketTest:49 - Method name: testFilterByCarBodyTypes
2019-01-31 14:42:12 CarMarketTest:63 - Web driver was initialized
2019-01-31 14:42:20 HomePage:47 - Click on car market button
2019-01-31 14:42:25 AutoMarketPage:63 - Verify cars annoumcement list
2019-01-31 14:42:26 NamingUtils:47 - Could not process empty pattern
2019-01-31 14:42:26 AutoMarketPage:71 - Select [РЎРµРґР°РЅ] car in car filter
]]></system-out>
    <system-err><![CDATA[Starting ChromeDriver 72.0.3626.69 (3c16f8a135abc0d4da2dff33804db79b849a7c38) on port 11858
Only local connections are allowed.
Please protect ports used by ChromeDriver and related test frameworks to prevent access by malicious code.
Jan 31, 2019 2:42:15 PM org.openqa.selenium.remote.ProtocolHandshake createSession
INFO: Detected dialect: OSS
]]></system-err>
  </testcase>
  <testcase name="testFilterByCarBodyTypes" classname="com.onlinerautomation.test.CarMarketTest" time="1.95">
    <failure type="java.lang.ArrayIndexOutOfBoundsException">java.lang.ArrayIndexOutOfBoundsException
</failure>
    <system-out><![CDATA[2019-01-31 14:42:27 CarMarketTest:57 - Close WebDriver
2019-01-31 14:42:28 CarMarketTest:49 - Method name: testFilterByCarBodyTypes
2019-01-31 14:42:28 CarMarketTest:63 - Web driver was initialized
2019-01-31 14:42:35 HomePage:47 - Click on car market button
2019-01-31 14:42:37 AutoMarketPage:63 - Verify cars annoumcement list
2019-01-31 14:42:38 NamingUtils:47 - Could not process empty pattern
2019-01-31 14:42:38 AutoMarketPage:71 - Select [РЈРЅРёРІРµСЂСЃР°Р»] car in car filter
]]></system-out>
    <system-err><![CDATA[Starting ChromeDriver 72.0.3626.69 (3c16f8a135abc0d4da2dff33804db79b849a7c38) on port 29465
Only local connections are allowed.
Please protect ports used by ChromeDriver and related test frameworks to prevent access by malicious code.
Jan 31, 2019 2:42:30 PM org.openqa.selenium.remote.ProtocolHandshake createSession
INFO: Detected dialect: OSS
]]></system-err>
  </testcase>
  <testcase name="testFilterByCarBodyTypes" classname="com.onlinerautomation.test.CarMarketTest" time="2.195">
    <failure type="java.lang.ArrayIndexOutOfBoundsException">java.lang.ArrayIndexOutOfBoundsException
</failure>
    <system-out><![CDATA[2019-01-31 14:42:39 CarMarketTest:57 - Close WebDriver
2019-01-31 14:42:40 CarMarketTest:49 - Method name: testFilterByCarBodyTypes
2019-01-31 14:42:40 CarMarketTest:63 - Web driver was initialized
2019-01-31 14:42:47 HomePage:47 - Click on car market button
2019-01-31 14:42:50 AutoMarketPage:63 - Verify cars annoumcement list
2019-01-31 14:42:51 NamingUtils:47 - Could not process empty pattern
2019-01-31 14:42:51 AutoMarketPage:71 - Select [РҐРµС‚С‡Р±СЌРє] car in car filter
]]></system-out>
    <system-err><![CDATA[Starting ChromeDriver 72.0.3626.69 (3c16f8a135abc0d4da2dff33804db79b849a7c38) on port 4057
Only local connections are allowed.
Please protect ports used by ChromeDriver and related test frameworks to prevent access by malicious code.
Jan 31, 2019 2:42:43 PM org.openqa.selenium.remote.ProtocolHandshake createSession
INFO: Detected dialect: OSS
]]></system-err>
  </testcase>
  <testcase name="testFilterByCarBodyTypes" classname="com.onlinerautomation.test.CarMarketTest" time="1.959">
    <failure type="java.lang.ArrayIndexOutOfBoundsException">java.lang.ArrayIndexOutOfBoundsException
</failure>
    <system-out><![CDATA[2019-01-31 14:42:52 CarMarketTest:57 - Close WebDriver
2019-01-31 14:42:53 CarMarketTest:49 - Method name: testFilterByCarBodyTypes
2019-01-31 14:42:53 CarMarketTest:63 - Web driver was initialized
2019-01-31 14:43:00 HomePage:47 - Click on car market button
2019-01-31 14:43:02 AutoMarketPage:63 - Verify cars annoumcement list
2019-01-31 14:43:03 NamingUtils:47 - Could not process empty pattern
2019-01-31 14:43:03 AutoMarketPage:71 - Select [РњРёРЅРёРІСЌРЅ] car in car filter
]]></system-out>
    <system-err><![CDATA[Starting ChromeDriver 72.0.3626.69 (3c16f8a135abc0d4da2dff33804db79b849a7c38) on port 2591
Only local connections are allowed.
Please protect ports used by ChromeDriver and related test frameworks to prevent access by malicious code.
Jan 31, 2019 2:42:55 PM org.openqa.selenium.remote.ProtocolHandshake createSession
INFO: Detected dialect: OSS
]]></system-err>
  </testcase>
  <testcase name="testFilterByCarBodyTypes" classname="com.onlinerautomation.test.CarMarketTest" time="2.495">
    <failure type="java.lang.ArrayIndexOutOfBoundsException">java.lang.ArrayIndexOutOfBoundsException
</failure>
    <system-out><![CDATA[2019-01-31 14:43:04 CarMarketTest:57 - Close WebDriver
2019-01-31 14:43:05 CarMarketTest:49 - Method name: testFilterByCarBodyTypes
2019-01-31 14:43:05 CarMarketTest:63 - Web driver was initialized
2019-01-31 14:43:12 HomePage:47 - Click on car market button
2019-01-31 14:43:13 AutoMarketPage:63 - Verify cars annoumcement list
2019-01-31 14:43:14 NamingUtils:47 - Could not process empty pattern
2019-01-31 14:43:14 AutoMarketPage:71 - Select [Р’РЅРµРґРѕСЂРѕР¶РЅРёРє] car in car filter
]]></system-out>
    <system-err><![CDATA[Starting ChromeDriver 72.0.3626.69 (3c16f8a135abc0d4da2dff33804db79b849a7c38) on port 22954
Only local connections are allowed.
Please protect ports used by ChromeDriver and related test frameworks to prevent access by malicious code.
Jan 31, 2019 2:43:07 PM org.openqa.selenium.remote.ProtocolHandshake createSession
INFO: Detected dialect: OSS
]]></system-err>
  </testcase>
  <testcase name="testFilterByCarBodyTypes" classname="com.onlinerautomation.test.CarMarketTest" time="2.055">
    <failure type="java.lang.ArrayIndexOutOfBoundsException">java.lang.ArrayIndexOutOfBoundsException
</failure>
    <system-out><![CDATA[2019-01-31 14:43:16 CarMarketTest:57 - Close WebDriver
2019-01-31 14:43:17 CarMarketTest:49 - Method name: testFilterByCarBodyTypes
2019-01-31 14:43:17 CarMarketTest:63 - Web driver was initialized
2019-01-31 14:43:24 HomePage:47 - Click on car market button
2019-01-31 14:43:28 AutoMarketPage:63 - Verify cars annoumcement list
2019-01-31 14:43:29 NamingUtils:47 - Could not process empty pattern
2019-01-31 14:43:29 AutoMarketPage:71 - Select [РљСѓРїРµ] car in car filter
]]></system-out>
    <system-err><![CDATA[Starting ChromeDriver 72.0.3626.69 (3c16f8a135abc0d4da2dff33804db79b849a7c38) on port 11807
Only local connections are allowed.
Please protect ports used by ChromeDriver and related test frameworks to prevent access by malicious code.
Jan 31, 2019 2:43:19 PM org.openqa.selenium.remote.ProtocolHandshake createSession
INFO: Detected dialect: OSS
]]></system-err>
  </testcase>
  <testcase name="testFilterByCarBodyTypes" classname="com.onlinerautomation.test.CarMarketTest" time="2.41">
    <failure type="java.lang.ArrayIndexOutOfBoundsException">java.lang.ArrayIndexOutOfBoundsException
</failure>
    <system-out><![CDATA[2019-01-31 14:43:30 CarMarketTest:57 - Close WebDriver
2019-01-31 14:43:31 CarMarketTest:49 - Method name: testFilterByCarBodyTypes
2019-01-31 14:43:31 CarMarketTest:63 - Web driver was initialized
2019-01-31 14:43:38 HomePage:47 - Click on car market button
2019-01-31 14:43:39 AutoMarketPage:63 - Verify cars annoumcement list
2019-01-31 14:43:41 NamingUtils:47 - Could not process empty pattern
2019-01-31 14:43:41 AutoMarketPage:71 - Select [РљР°Р±СЂРёРѕР»РµС‚] car in car filter
]]></system-out>
    <system-err><![CDATA[Starting ChromeDriver 72.0.3626.69 (3c16f8a135abc0d4da2dff33804db79b849a7c38) on port 31570
Only local connections are allowed.
Please protect ports used by ChromeDriver and related test frameworks to prevent access by malicious code.
Jan 31, 2019 2:43:33 PM org.openqa.selenium.remote.ProtocolHandshake createSession
INFO: Detected dialect: OSS
]]></system-err>
  </testcase>
  <testcase name="testFilterByCarBodyTypes" classname="com.onlinerautomation.test.CarMarketTest" time="2.329">
    <failure type="java.lang.ArrayIndexOutOfBoundsException">java.lang.ArrayIndexOutOfBoundsException
</failure>
    <system-out><![CDATA[2019-01-31 14:43:42 CarMarketTest:57 - Close WebDriver
2019-01-31 14:43:43 CarMarketTest:49 - Method name: testFilterByCarBodyTypes
2019-01-31 14:43:43 CarMarketTest:63 - Web driver was initialized
2019-01-31 14:43:50 HomePage:47 - Click on car market button
2019-01-31 14:43:53 AutoMarketPage:63 - Verify cars annoumcement list
2019-01-31 14:43:54 NamingUtils:47 - Could not process empty pattern
2019-01-31 14:43:54 AutoMarketPage:71 - Select [РњРёРєСЂРѕР°РІС‚РѕР±СѓСЃ] car in car filter
]]></system-out>
    <system-err><![CDATA[Starting ChromeDriver 72.0.3626.69 (3c16f8a135abc0d4da2dff33804db79b849a7c38) on port 30984
Only local connections are allowed.
Please protect ports used by ChromeDriver and related test frameworks to prevent access by malicious code.
Jan 31, 2019 2:43:45 PM org.openqa.selenium.remote.ProtocolHandshake createSession
INFO: Detected dialect: OSS
]]></system-err>
  </testcase>
  <testcase name="testFilterByCarBodyTypes" classname="com.onlinerautomation.test.CarMarketTest" time="2.83">
    <failure type="java.lang.ArrayIndexOutOfBoundsException">java.lang.ArrayIndexOutOfBoundsException
</failure>
    <system-out><![CDATA[2019-01-31 14:43:55 CarMarketTest:57 - Close WebDriver
2019-01-31 14:43:56 CarMarketTest:49 - Method name: testFilterByCarBodyTypes
2019-01-31 14:43:56 CarMarketTest:63 - Web driver was initialized
2019-01-31 14:44:03 HomePage:47 - Click on car market button
2019-01-31 14:44:05 AutoMarketPage:63 - Verify cars annoumcement list
2019-01-31 14:44:07 NamingUtils:47 - Could not process empty pattern
2019-01-31 14:44:07 AutoMarketPage:71 - Select [РџРёРєР°Рї] car in car filter
]]></system-out>
    <system-err><![CDATA[Starting ChromeDriver 72.0.3626.69 (3c16f8a135abc0d4da2dff33804db79b849a7c38) on port 7537
Only local connections are allowed.
Please protect ports used by ChromeDriver and related test frameworks to prevent access by malicious code.
Jan 31, 2019 2:43:58 PM org.openqa.selenium.remote.ProtocolHandshake createSession
INFO: Detected dialect: OSS
]]></system-err>
  </testcase>
  <testcase name="testFilterByCarBodyTypes" classname="com.onlinerautomation.test.CarMarketTest" time="2.533">
    <failure type="java.lang.ArrayIndexOutOfBoundsException">java.lang.ArrayIndexOutOfBoundsException
</failure>
    <system-out><![CDATA[2019-01-31 14:44:08 CarMarketTest:57 - Close WebDriver
2019-01-31 14:44:09 CarMarketTest:49 - Method name: testFilterByCarBodyTypes
2019-01-31 14:44:09 CarMarketTest:63 - Web driver was initialized
2019-01-31 14:44:16 HomePage:47 - Click on car market button
2019-01-31 14:44:19 AutoMarketPage:63 - Verify cars annoumcement list
2019-01-31 14:44:20 NamingUtils:47 - Could not process empty pattern
2019-01-31 14:44:20 AutoMarketPage:71 - Select [Р¤СѓСЂРіРѕРЅ] car in car filter
]]></system-out>
    <system-err><![CDATA[Starting ChromeDriver 72.0.3626.69 (3c16f8a135abc0d4da2dff33804db79b849a7c38) on port 25714
Only local connections are allowed.
Please protect ports used by ChromeDriver and related test frameworks to prevent access by malicious code.
Jan 31, 2019 2:44:11 PM org.openqa.selenium.remote.ProtocolHandshake createSession
INFO: Detected dialect: OSS
]]></system-err>
  </testcase>
  <testcase name="testFilterByCarEngineType" classname="com.onlinerautomation.test.CarMarketTest" time="2.057">
    <failure type="java.lang.ArrayIndexOutOfBoundsException">java.lang.ArrayIndexOutOfBoundsException
</failure>
    <system-out><![CDATA[2019-01-31 14:44:21 CarMarketTest:57 - Close WebDriver
2019-01-31 14:44:23 CarMarketTest:49 - Method name: testFilterByCarEngineType
2019-01-31 14:44:23 CarMarketTest:63 - Web driver was initialized
2019-01-31 14:44:30 HomePage:47 - Click on car market button
2019-01-31 14:44:33 AutoMarketPage:63 - Verify cars annoumcement list
2019-01-31 14:44:34 NamingUtils:47 - Could not process empty pattern
2019-01-31 14:44:34 AutoMarketPage:71 - Select [Р‘РµРЅР·РёРЅ] car in car filter
]]></system-out>
    <system-err><![CDATA[Starting ChromeDriver 72.0.3626.69 (3c16f8a135abc0d4da2dff33804db79b849a7c38) on port 31888
Only local connections are allowed.
Please protect ports used by ChromeDriver and related test frameworks to prevent access by malicious code.
Jan 31, 2019 2:44:25 PM org.openqa.selenium.remote.ProtocolHandshake createSession
INFO: Detected dialect: OSS
]]></system-err>
  </testcase>
  <testcase name="testFilterByCarEngineType" classname="com.onlinerautomation.test.CarMarketTest" time="2.635">
    <failure type="java.lang.ArrayIndexOutOfBoundsException">java.lang.ArrayIndexOutOfBoundsException
</failure>
    <system-out><![CDATA[2019-01-31 14:44:35 CarMarketTest:57 - Close WebDriver
2019-01-31 14:44:36 CarMarketTest:49 - Method name: testFilterByCarEngineType
2019-01-31 14:44:36 CarMarketTest:63 - Web driver was initialized
2019-01-31 14:44:42 HomePage:47 - Click on car market button
2019-01-31 14:44:44 AutoMarketPage:63 - Verify cars annoumcement list
2019-01-31 14:44:45 NamingUtils:47 - Could not process empty pattern
2019-01-31 14:44:45 AutoMarketPage:71 - Select [Р”РёР·РµР»СЊ] car in car filter
]]></system-out>
    <system-err><![CDATA[Starting ChromeDriver 72.0.3626.69 (3c16f8a135abc0d4da2dff33804db79b849a7c38) on port 26318
Only local connections are allowed.
Please protect ports used by ChromeDriver and related test frameworks to prevent access by malicious code.
Jan 31, 2019 2:44:38 PM org.openqa.selenium.remote.ProtocolHandshake createSession
INFO: Detected dialect: OSS
]]></system-err>
  </testcase>
  <testcase name="testFilterByCarEngineType" classname="com.onlinerautomation.test.CarMarketTest" time="2.5">
    <failure type="java.lang.ArrayIndexOutOfBoundsException">java.lang.ArrayIndexOutOfBoundsException
</failure>
    <system-out><![CDATA[2019-01-31 14:44:47 CarMarketTest:57 - Close WebDriver
2019-01-31 14:44:47 CarMarketTest:49 - Method name: testFilterByCarEngineType
2019-01-31 14:44:47 CarMarketTest:63 - Web driver was initialized
2019-01-31 14:44:54 HomePage:47 - Click on car market button
2019-01-31 14:44:56 AutoMarketPage:63 - Verify cars annoumcement list
2019-01-31 14:44:58 NamingUtils:47 - Could not process empty pattern
2019-01-31 14:44:58 AutoMarketPage:71 - Select [Р“Р°Р· (Р±РµРЅР·РёРЅ)] car in car filter
]]></system-out>
    <system-err><![CDATA[Starting ChromeDriver 72.0.3626.69 (3c16f8a135abc0d4da2dff33804db79b849a7c38) on port 30650
Only local connections are allowed.
Please protect ports used by ChromeDriver and related test frameworks to prevent access by malicious code.
Jan 31, 2019 2:44:50 PM org.openqa.selenium.remote.ProtocolHandshake createSession
INFO: Detected dialect: OSS
]]></system-err>
  </testcase>
  <testcase name="testFilterByCarEngineType" classname="com.onlinerautomation.test.CarMarketTest" time="2.017">
    <failure type="java.lang.ArrayIndexOutOfBoundsException">java.lang.ArrayIndexOutOfBoundsException
</failure>
    <system-out><![CDATA[2019-01-31 14:44:59 CarMarketTest:57 - Close WebDriver
2019-01-31 14:45:00 CarMarketTest:49 - Method name: testFilterByCarEngineType
2019-01-31 14:45:00 CarMarketTest:63 - Web driver was initialized
2019-01-31 14:45:07 HomePage:47 - Click on car market button
2019-01-31 14:45:11 AutoMarketPage:63 - Verify cars annoumcement list
2019-01-31 14:45:12 NamingUtils:47 - Could not process empty pattern
2019-01-31 14:45:12 AutoMarketPage:71 - Select [Р“РёР±СЂРёРґ (Р±РµРЅР·РёРЅ)] car in car filter
]]></system-out>
    <system-err><![CDATA[Starting ChromeDriver 72.0.3626.69 (3c16f8a135abc0d4da2dff33804db79b849a7c38) on port 1234
Only local connections are allowed.
Please protect ports used by ChromeDriver and related test frameworks to prevent access by malicious code.
Jan 31, 2019 2:45:02 PM org.openqa.selenium.remote.ProtocolHandshake createSession
INFO: Detected dialect: OSS
]]></system-err>
  </testcase>
  <testcase name="testFilterByCarEngineType" classname="com.onlinerautomation.test.CarMarketTest" time="2.186">
    <failure type="java.lang.ArrayIndexOutOfBoundsException">java.lang.ArrayIndexOutOfBoundsException
</failure>
    <system-out><![CDATA[2019-01-31 14:45:13 CarMarketTest:57 - Close WebDriver
2019-01-31 14:45:14 CarMarketTest:49 - Method name: testFilterByCarEngineType
2019-01-31 14:45:14 CarMarketTest:63 - Web driver was initialized
2019-01-31 14:45:21 HomePage:47 - Click on car market button
2019-01-31 14:45:23 AutoMarketPage:63 - Verify cars annoumcement list
2019-01-31 14:45:25 NamingUtils:47 - Could not process empty pattern
2019-01-31 14:45:25 AutoMarketPage:71 - Select [Р­Р»РµРєС‚СЂРѕРјРѕР±РёР»СЊ] car in car filter
]]></system-out>
    <system-err><![CDATA[Starting ChromeDriver 72.0.3626.69 (3c16f8a135abc0d4da2dff33804db79b849a7c38) on port 27156
Only local connections are allowed.
Please protect ports used by ChromeDriver and related test frameworks to prevent access by malicious code.
Jan 31, 2019 2:45:16 PM org.openqa.selenium.remote.ProtocolHandshake createSession
INFO: Detected dialect: OSS
]]></system-err>
  </testcase>
  <testcase name="testFilterByCarTransmissionType" classname="com.onlinerautomation.test.CarMarketTest" time="2.056">
    <failure type="java.lang.ArrayIndexOutOfBoundsException">java.lang.ArrayIndexOutOfBoundsException
</failure>
    <system-out><![CDATA[2019-01-31 14:45:25 CarMarketTest:57 - Close WebDriver
2019-01-31 14:45:26 CarMarketTest:49 - Method name: testFilterByCarTransmissionType
2019-01-31 14:45:26 CarMarketTest:63 - Web driver was initialized
2019-01-31 14:45:33 HomePage:47 - Click on car market button
2019-01-31 14:45:36 AutoMarketPage:63 - Verify cars annoumcement list
2019-01-31 14:45:37 NamingUtils:47 - Could not process empty pattern
2019-01-31 14:45:37 AutoMarketPage:71 - Select [РђРІС‚РѕРјР°С‚РёС‡РµСЃРєР°СЏ] car in car filter
]]></system-out>
    <system-err><![CDATA[Starting ChromeDriver 72.0.3626.69 (3c16f8a135abc0d4da2dff33804db79b849a7c38) on port 43581
Only local connections are allowed.
Please protect ports used by ChromeDriver and related test frameworks to prevent access by malicious code.
Jan 31, 2019 2:45:29 PM org.openqa.selenium.remote.ProtocolHandshake createSession
INFO: Detected dialect: OSS
]]></system-err>
  </testcase>
  <testcase name="testFilterByCarTransmissionType" classname="com.onlinerautomation.test.CarMarketTest" time="2.574">
    <failure type="java.lang.ArrayIndexOutOfBoundsException">java.lang.ArrayIndexOutOfBoundsException
</failure>
    <system-out><![CDATA[2019-01-31 14:45:38 CarMarketTest:57 - Close WebDriver
2019-01-31 14:45:39 CarMarketTest:49 - Method name: testFilterByCarTransmissionType
2019-01-31 14:45:39 CarMarketTest:63 - Web driver was initialized
2019-01-31 14:45:46 HomePage:47 - Click on car market button
2019-01-31 14:45:47 AutoMarketPage:63 - Verify cars annoumcement list
2019-01-31 14:45:48 NamingUtils:47 - Could not process empty pattern
2019-01-31 14:45:49 AutoMarketPage:71 - Select [РњРµС…Р°РЅРёС‡РµСЃРєР°СЏ] car in car filter
]]></system-out>
    <system-err><![CDATA[Starting ChromeDriver 72.0.3626.69 (3c16f8a135abc0d4da2dff33804db79b849a7c38) on port 31387
Only local connections are allowed.
Please protect ports used by ChromeDriver and related test frameworks to prevent access by malicious code.
Jan 31, 2019 2:45:41 PM org.openqa.selenium.remote.ProtocolHandshake createSession
INFO: Detected dialect: OSS
]]></system-err>
  </testcase>
  <testcase name="testOnlinerHomePage" classname="com.onlinerautomation.test.OnlinerHomePageTest" time="1.169"/>
  <testcase name="testOnlinerPositiveSearch" classname="com.onlinerautomation.test.SearchTest" time="7.597">
    <failure message="Product information is not correct: Lists differ at element [0]: Apple iPhone 7 32GB Black != Смартфон Apple iPhone 7 32GB Black expected [Apple iPhone 7 32GB Black] but found [Смартфон Apple iPhone 7 32GB Black]" type="java.lang.AssertionError">java.lang.AssertionError: Product information is not correct: Lists differ at element [0]: Apple iPhone 7 32GB Black != Смартфон Apple iPhone 7 32GB Black expected [Apple iPhone 7 32GB Black] but found [Смартфон Apple iPhone 7 32GB Black]
	at com.onlinerautomation.test.SearchTest.testOnlinerPositiveSearch(SearchTest.java:28)
</failure>
    <system-out><![CDATA[2019-01-31 14:45:57 OnlinerHomePageTest:57 - Close WebDriver
2019-01-31 14:45:58 SearchTest:44 - Initialize test class
2019-01-31 14:45:58 SearchTest:49 - Method name: testOnlinerPositiveSearch
2019-01-31 14:45:58 SearchTest:63 - Web driver was initialized
2019-01-31 14:46:04 HomePage:60 - Set data into search field
2019-01-31 14:46:05 HomePage:76 - Open first result from search
2019-01-31 14:46:10 ProductPage:32 - Verify product information
]]></system-out>
    <system-err><![CDATA[Starting ChromeDriver 72.0.3626.69 (3c16f8a135abc0d4da2dff33804db79b849a7c38) on port 9114
Only local connections are allowed.
Please protect ports used by ChromeDriver and related test frameworks to prevent access by malicious code.
Jan 31, 2019 2:46:00 PM org.openqa.selenium.remote.ProtocolHandshake createSession
INFO: Detected dialect: OSS
]]></system-err>
  </testcase>
  <testcase name="testProductPageElements" classname="com.onlinerautomation.test.SearchTest" time="6.155"/>
</testsuite>